[2022-10-16T18:44:15+08:00][sql] CONNECT:[ UseTime:0.000706s ] mysql:host=127.0.0.1;port=3306;dbname=tianjinyuxi;charset=utf8mb4
[2022-10-16T18:44:15+08:00][sql] SHOW FULL COLUMNS FROM `sxo_config` [ RunTime:0.003014s ]
[2022-10-16T18:44:15+08:00][sql] SELECT `value`,`only_tag` FROM `sxo_config` [ RunTime:0.001580s ]
[2022-10-16T18:44:15+08:00][sql] SHOW FULL COLUMNS FROM `sxo_navigation` [ RunTime:0.001685s ]
[2022-10-16T18:44:15+08:00][sql] SELECT `id`,`pid`,`name`,`url`,`value`,`data_type`,`is_new_window_open` FROM `sxo_navigation` WHERE  `nav_type` = 'header'  AND `is_show` = 1  AND `pid` = 0 ORDER BY `sort` ASC,`id` ASC [ RunTime:0.001649s ]
[2022-10-16T18:44:15+08:00][sql] SELECT `id`,`pid`,`name`,`url`,`value`,`data_type`,`is_new_window_open` FROM `sxo_navigation` WHERE  `nav_type` = 'header'  AND `is_show` = 1  AND `pid` IN (56,57,58,59,61) ORDER BY `sort` ASC,`id` ASC [ RunTime:0.000333s ]
[2022-10-16T18:44:15+08:00][sql] SELECT `id`,`pid`,`name`,`url`,`value`,`data_type`,`is_new_window_open` FROM `sxo_navigation` WHERE  `nav_type` = 'footer'  AND `is_show` = 1  AND `pid` = 0 ORDER BY `sort` ASC,`id` ASC [ RunTime:0.000363s ]
[2022-10-16T18:44:15+08:00][sql] SELECT `id`,`pid`,`name`,`url`,`value`,`data_type`,`is_new_window_open` FROM `sxo_navigation` WHERE  `nav_type` = 'footer'  AND `is_show` = 1  AND `pid` IN (34,35,36,37,55) ORDER BY `sort` ASC,`id` ASC [ RunTime:0.000421s ]
[2022-10-16T18:44:15+08:00][sql] SHOW FULL COLUMNS FROM `sxo_quick_nav` [ RunTime:0.001192s ]
[2022-10-16T18:44:15+08:00][sql] SELECT `id`,`name`,`images_url`,`event_value`,`event_type`,`bg_color` FROM `sxo_quick_nav` WHERE  `platform` = 'pc'  AND `is_enable` = 1 ORDER BY `sort` ASC,`id` ASC [ RunTime:0.001180s ]
[2022-10-16T18:44:15+08:00][sql] SHOW FULL COLUMNS FROM `sxo_goods_category` [ RunTime:0.001209s ]
[2022-10-16T18:44:15+08:00][sql] SELECT `id`,`pid`,`icon`,`name`,`vice_name`,`describe`,`bg_color`,`big_images`,`sort`,`is_home_recommended`,`seo_title`,`seo_keywords`,`seo_desc` FROM `sxo_goods_category` WHERE  `pid` = 0  AND `is_enable` = 1  AND `is_enable` = 1 ORDER BY `sort` ASC [ RunTime:0.001289s ]
[2022-10-16T18:44:15+08:00][sql] SELECT `id`,`pid`,`icon`,`name`,`vice_name`,`describe`,`bg_color`,`big_images`,`sort`,`is_home_recommended`,`seo_title`,`seo_keywords`,`seo_desc` FROM `sxo_goods_category` WHERE  `is_enable` = 1  AND `pid` = 922  AND `is_enable` = 1 ORDER BY `sort` ASC [ RunTime:0.000344s ]
[2022-10-16T18:44:15+08:00][sql] SELECT `id`,`pid`,`icon`,`name`,`vice_name`,`describe`,`bg_color`,`big_images`,`sort`,`is_home_recommended`,`seo_title`,`seo_keywords`,`seo_desc` FROM `sxo_goods_category` WHERE  `is_enable` = 1  AND `pid` IN (926,928)  AND `is_enable` = 1 ORDER BY `sort` ASC [ RunTime:0.000298s ]
[2022-10-16T18:44:15+08:00][sql] SELECT `id`,`pid`,`icon`,`name`,`vice_name`,`describe`,`bg_color`,`big_images`,`sort`,`is_home_recommended`,`seo_title`,`seo_keywords`,`seo_desc` FROM `sxo_goods_category` WHERE  `is_enable` = 1  AND `pid` = 923  AND `is_enable` = 1 ORDER BY `sort` ASC [ RunTime:0.000308s ]
[2022-10-16T18:44:15+08:00][sql] SELECT `id`,`pid`,`icon`,`name`,`vice_name`,`describe`,`bg_color`,`big_images`,`sort`,`is_home_recommended`,`seo_title`,`seo_keywords`,`seo_desc` FROM `sxo_goods_category` WHERE  `is_enable` = 1  AND `pid` IN (929,930,931)  AND `is_enable` = 1 ORDER BY `sort` ASC [ RunTime:0.000403s ]
[2022-10-16T18:44:15+08:00][sql] SELECT `id`,`pid`,`icon`,`name`,`vice_name`,`describe`,`bg_color`,`big_images`,`sort`,`is_home_recommended`,`seo_title`,`seo_keywords`,`seo_desc` FROM `sxo_goods_category` WHERE  `is_enable` = 1  AND `pid` = 924  AND `is_enable` = 1 ORDER BY `sort` ASC [ RunTime:0.000303s ]
[2022-10-16T18:44:15+08:00][sql] SELECT `id`,`pid`,`icon`,`name`,`vice_name`,`describe`,`bg_color`,`big_images`,`sort`,`is_home_recommended`,`seo_title`,`seo_keywords`,`seo_desc` FROM `sxo_goods_category` WHERE  `is_enable` = 1  AND `pid` IN (932,933)  AND `is_enable` = 1 ORDER BY `sort` ASC [ RunTime:0.000365s ]
[2022-10-16T18:44:15+08:00][sql] SELECT `id`,`pid`,`icon`,`name`,`vice_name`,`describe`,`bg_color`,`big_images`,`sort`,`is_home_recommended`,`seo_title`,`seo_keywords`,`seo_desc` FROM `sxo_goods_category` WHERE  `is_enable` = 1  AND `pid` = 925  AND `is_enable` = 1 ORDER BY `sort` ASC [ RunTime:0.000298s ]
[2022-10-16T18:44:15+08:00][sql] SELECT `id`,`pid`,`icon`,`name`,`vice_name`,`describe`,`bg_color`,`big_images`,`sort`,`is_home_recommended`,`seo_title`,`seo_keywords`,`seo_desc` FROM `sxo_goods_category` WHERE  `is_enable` = 1  AND `pid` IN (934,935)  AND `is_enable` = 1 ORDER BY `sort` ASC [ RunTime:0.000274s ]
[2022-10-16T18:44:15+08:00][sql] SHOW FULL COLUMNS FROM `sxo_slide` [ RunTime:0.001219s ]
[2022-10-16T18:44:15+08:00][sql] SELECT `name`,`images_url`,`event_value`,`event_type`,`bg_color` FROM `sxo_slide` WHERE  `platform` = 'pc'  AND `is_enable` = 1 ORDER BY `sort` ASC,`id` ASC [ RunTime:0.000823s ]
[2022-10-16T18:44:15+08:00][sql] SHOW FULL COLUMNS FROM `sxo_article` [ RunTime:0.001213s ]
[2022-10-16T18:44:15+08:00][sql] SELECT `id`,`title`,`title_color`,`article_category_id` FROM `sxo_article` WHERE  `is_enable` = 1  AND `is_home_recommended` = 1 ORDER BY `id` DESC LIMIT 0,9 [ RunTime:0.001426s ]
[2022-10-16T18:44:15+08:00][sql] SHOW FULL COLUMNS FROM `sxo_article_category` [ RunTime:0.001020s ]
[2022-10-16T18:44:15+08:00][sql] SELECT `name`,`id` FROM `sxo_article_category` WHERE  `id` IN (24,26,27,25) [ RunTime:0.000302s ]
[2022-10-16T18:44:15+08:00][sql] SELECT `id`,`pid`,`icon`,`name`,`vice_name`,`describe`,`bg_color`,`big_images`,`sort`,`is_home_recommended`,`seo_title`,`seo_keywords`,`seo_desc` FROM `sxo_goods_category` WHERE  `pid` = 0  AND `is_home_recommended` = 1  AND `is_enable` = 1  AND `is_enable` = 1 ORDER BY `sort` ASC [ RunTime:0.000383s ]
[2022-10-16T18:44:15+08:00][sql] SELECT `id` FROM `sxo_goods_category` WHERE  `pid` = 922  AND `is_enable` = 1 [ RunTime:0.000334s ]
[2022-10-16T18:44:15+08:00][sql] SELECT `id` FROM `sxo_goods_category` WHERE  `pid` IN (926,928)  AND `is_enable` = 1 [ RunTime:0.000252s ]
[2022-10-16T18:44:15+08:00][sql] SHOW FULL COLUMNS FROM `sxo_goods` [ RunTime:0.001537s ]
[2022-10-16T18:44:15+08:00][sql] SELECT `g`.`id` FROM `sxo_goods` `g` INNER JOIN `sxo_goods_category_join` `gci` ON `g`.`id`=`gci`.`goods_id` WHERE  `gci`.`category_id` IN ('922','926','928')  AND `g`.`is_shelves` = '1'  AND `g`.`is_delete_time` = '0' GROUP BY `g`.`id` ORDER BY `g`.`id` DESC LIMIT 0,8 [ RunTime:0.001177s ]
[2022-10-16T18:44:15+08:00][sql] SELECT `id` FROM `sxo_goods_category` WHERE  `pid` = 923  AND `is_enable` = 1 [ RunTime:0.000261s ]
[2022-10-16T18:44:15+08:00][sql] SELECT `id` FROM `sxo_goods_category` WHERE  `pid` IN (929,930,931)  AND `is_enable` = 1 [ RunTime:0.000266s ]
[2022-10-16T18:44:15+08:00][sql] SELECT `g`.`id` FROM `sxo_goods` `g` INNER JOIN `sxo_goods_category_join` `gci` ON `g`.`id`=`gci`.`goods_id` WHERE  `gci`.`category_id` IN ('923','929','930','931')  AND `g`.`is_shelves` = '1'  AND `g`.`is_delete_time` = '0' GROUP BY `g`.`id` ORDER BY `g`.`id` DESC LIMIT 0,8 [ RunTime:0.000543s ]
[2022-10-16T18:44:15+08:00][sql] SELECT `id` FROM `sxo_goods_category` WHERE  `pid` = 924  AND `is_enable` = 1 [ RunTime:0.000282s ]
[2022-10-16T18:44:15+08:00][sql] SELECT `id` FROM `sxo_goods_category` WHERE  `pid` IN (932,933)  AND `is_enable` = 1 [ RunTime:0.000229s ]
[2022-10-16T18:44:15+08:00][sql] SELECT `g`.`id` FROM `sxo_goods` `g` INNER JOIN `sxo_goods_category_join` `gci` ON `g`.`id`=`gci`.`goods_id` WHERE  `gci`.`category_id` IN ('924','932','933')  AND `g`.`is_shelves` = '1'  AND `g`.`is_delete_time` = '0' GROUP BY `g`.`id` ORDER BY `g`.`id` DESC LIMIT 0,8 [ RunTime:0.000498s ]
[2022-10-16T18:44:15+08:00][sql] SELECT `id` FROM `sxo_goods_category` WHERE  `pid` = 925  AND `is_enable` = 1 [ RunTime:0.000305s ]
[2022-10-16T18:44:15+08:00][sql] SELECT `id` FROM `sxo_goods_category` WHERE  `pid` IN (934,935)  AND `is_enable` = 1 [ RunTime:0.000278s ]
[2022-10-16T18:44:15+08:00][sql] SELECT `g`.`id` FROM `sxo_goods` `g` INNER JOIN `sxo_goods_category_join` `gci` ON `g`.`id`=`gci`.`goods_id` WHERE  `gci`.`category_id` IN ('925','934','935')  AND `g`.`is_shelves` = '1'  AND `g`.`is_delete_time` = '0' GROUP BY `g`.`id` ORDER BY `g`.`id` DESC LIMIT 0,8 [ RunTime:0.000451s ]
[2022-10-16T18:44:15+08:00][sql] SELECT * FROM `sxo_goods` WHERE  `id` IN (65,64,63,62,61,60,59,58,106,105,104,103,102,101,100,99,122,121,120,119,118,117,114,113,128,127,126,125,124,123)  AND `is_shelves` = 1 ORDER BY `id` DESC [ RunTime:0.000908s ]
[2022-10-16T18:44:15+08:00][sql] SHOW FULL COLUMNS FROM `sxo_link` [ RunTime:0.001196s ]
[2022-10-16T18:44:15+08:00][sql] SELECT * FROM `sxo_link` WHERE  `is_enable` = 1 ORDER BY `sort` ASC,`id` DESC [ RunTime:0.000419s ]
[2022-10-16T18:44:17+08:00][sql] CONNECT:[ UseTime:0.000818s ] mysql:host=127.0.0.1;port=3306;dbname=tianjinyuxi;charset=utf8mb4
[2022-10-16T18:44:17+08:00][sql] SHOW FULL COLUMNS FROM `sxo_article_category` [ RunTime:0.001626s ]
[2022-10-16T18:44:17+08:00][sql] SELECT `name`,`id` FROM `sxo_article_category` WHERE  `id` IN (24,26,27,25) [ RunTime:0.000438s ]
[2022-10-16T18:44:17+08:00][sql] SHOW FULL COLUMNS FROM `sxo_goods` [ RunTime:0.001919s ]
[2022-10-16T18:44:17+08:00][sql] SELECT * FROM `sxo_goods` WHERE  `id` IN (65,64,63,62,61,60,59,58,106,105,104,103,102,101,100,99,122,121,120,119,118,117,114,113,128,127,126,125,124,123)  AND `is_shelves` = 1 ORDER BY `id` DESC [ RunTime:0.001434s ]
[2022-10-16T18:44:17+08:00][sql] SHOW FULL COLUMNS FROM `sxo_link` [ RunTime:0.001571s ]
[2022-10-16T18:44:17+08:00][sql] SELECT * FROM `sxo_link` WHERE  `is_enable` = 1 ORDER BY `sort` ASC,`id` DESC [ RunTime:0.000509s ]
[2022-10-16T18:44:18+08:00][sql] CONNECT:[ UseTime:0.000759s ] mysql:host=127.0.0.1;port=3306;dbname=tianjinyuxi;charset=utf8mb4
[2022-10-16T18:44:18+08:00][sql] SHOW FULL COLUMNS FROM `sxo_goods_category` [ RunTime:0.001688s ]
[2022-10-16T18:44:18+08:00][sql] SELECT `id` FROM `sxo_goods_category` WHERE  `pid` = 922  AND `is_enable` = 1 [ RunTime:0.000449s ]
[2022-10-16T18:44:18+08:00][sql] SELECT `id` FROM `sxo_goods_category` WHERE  `pid` IN (926,928)  AND `is_enable` = 1 [ RunTime:0.000485s ]
[2022-10-16T18:44:18+08:00][sql] SHOW FULL COLUMNS FROM `sxo_goods` [ RunTime:0.001737s ]
[2022-10-16T18:44:18+08:00][sql] SELECT COUNT(DISTINCT `g`.`id`) AS think_count FROM `sxo_goods` `g` INNER JOIN `sxo_goods_category_join` `gci` ON `g`.`id`=`gci`.`goods_id` WHERE  `g`.`is_delete_time` = '0'  AND `g`.`is_shelves` = '1'  AND `gci`.`category_id` IN ('922','926','928') LIMIT 1 [ RunTime:0.000703s ]
[2022-10-16T18:44:18+08:00][sql] SELECT `g`.* FROM `sxo_goods` `g` INNER JOIN `sxo_goods_category_join` `gci` ON `g`.`id`=`gci`.`goods_id` WHERE  `g`.`is_delete_time` = '0'  AND `g`.`is_shelves` = '1'  AND `gci`.`category_id` IN ('922','926','928') GROUP BY `g`.`id` ORDER BY `g`.`access_count` DESC,`g`.`sales_count` DESC,`g`.`id` DESC LIMIT 0,6 [ RunTime:0.000734s ]
[2022-10-16T18:44:18+08:00][sql] SELECT distinct brand_id FROM `sxo_goods` WHERE  `is_shelves` = 1  AND `is_delete_time` = 0  AND `brand_id` > 0 [ RunTime:0.000339s ]
[2022-10-16T18:44:18+08:00][sql] SHOW FULL COLUMNS FROM `sxo_brand` [ RunTime:0.001396s ]
[2022-10-16T18:44:18+08:00][sql] SELECT `id`,`name`,`logo`,`website_url` FROM `sxo_brand` WHERE  `is_enable` = 1 ORDER BY `sort` ASC,`id` ASC [ RunTime:0.001573s ]
[2022-10-16T18:44:18+08:00][sql] SELECT `name`,`vice_name`,`describe`,`seo_title`,`seo_keywords`,`seo_desc` FROM `sxo_goods_category` WHERE  `is_enable` = 1  AND `id` = 922 LIMIT 1 [ RunTime:0.000291s ]
[2022-10-16T18:44:18+08:00][sql] SELECT `pid` FROM `sxo_goods_category` WHERE  `id` = 922 LIMIT 1 [ RunTime:0.000249s ]
[2022-10-16T18:44:18+08:00][sql] SELECT `id`,`name` FROM `sxo_goods_category` WHERE  `pid` = 0  AND `is_enable` = 1 ORDER BY `sort` ASC [ RunTime:0.000351s ]
[2022-10-16T18:44:18+08:00][sql] SHOW FULL COLUMNS FROM `sxo_screening_price` [ RunTime:0.001167s ]
[2022-10-16T18:44:18+08:00][sql] SELECT `id`,`name`,`min_price`,`max_price` FROM `sxo_screening_price` WHERE  `is_enable` = 1 ORDER BY `sort` ASC [ RunTime:0.000837s ]
[2022-10-16T18:44:18+08:00][sql] SELECT `gp`.`value` FROM `sxo_goods` `g` INNER JOIN `sxo_goods_category_join` `gci` ON `g`.`id`=`gci`.`goods_id` INNER JOIN `sxo_goods_params` `gp` ON `g`.`id`=`gp`.`goods_id` WHERE  `g`.`is_delete_time` = '0'  AND `g`.`is_shelves` = '1'  AND `gci`.`category_id` IN ('922','926','928')  AND `gp`.`type` = '2' GROUP BY `gp`.`value` [ RunTime:0.001232s ]
[2022-10-16T18:44:18+08:00][sql] SELECT `gsv`.`value` FROM `sxo_goods` `g` INNER JOIN `sxo_goods_category_join` `gci` ON `g`.`id`=`gci`.`goods_id` INNER JOIN `sxo_goods_spec_value` `gsv` ON `g`.`id`=`gsv`.`goods_id` WHERE  `g`.`is_delete_time` = '0'  AND `g`.`is_shelves` = '1'  AND `gci`.`category_id` IN ('922','926','928') GROUP BY `gsv`.`value` [ RunTime:0.001045s ]
[2022-10-16T18:44:18+08:00][sql] SELECT `id`,`pid`,`name` FROM `sxo_goods_category` WHERE  `id` = 922  AND `is_enable` = 1 LIMIT 1 [ RunTime:0.000342s ]
[2022-10-16T18:44:18+08:00][sql] SELECT `id`,`pid`,`name` FROM `sxo_goods_category` WHERE  `pid` = 0  AND `is_enable` = 1 [ RunTime:0.000312s ]
[2022-10-16T18:44:18+08:00][sql] SELECT `id`,`pid`,`name` FROM `sxo_goods_category` WHERE  `id` = 0  AND `is_enable` = 1 LIMIT 1 [ RunTime:0.000236s ]
[2022-10-16T18:44:18+08:00][sql] SHOW FULL COLUMNS FROM `sxo_search_history` [ RunTime:0.001333s ]
[2022-10-16T18:44:18+08:00][sql] INSERT INTO `sxo_search_history` SET `user_id` = 0 , `keywords` = '' , `order_by_field` = '' , `order_by_type` = '' , `search_result` = '{\"page_start\":0,\"page_size\":\"6\",\"page\":1,\"page_total\":2,\"total\":8,\"data\":[\"65\",\"58\",\"64\",\"61\",\"60\",\"62\"]}' , `ymd` = 20221016 , `add_time` = 1665917058 , `brand_ids` = '' , `category_ids` = '[\"922\"]' , `screening_price_values` = '' , `goods_params_values` = '' , `goods_spec_values` = '' [ RunTime:0.005518s ]
[2022-10-16T18:44:20+08:00][sql] CONNECT:[ UseTime:0.000762s ] mysql:host=127.0.0.1;port=3306;dbname=tianjinyuxi;charset=utf8mb4
[2022-10-16T18:44:20+08:00][sql] SHOW FULL COLUMNS FROM `sxo_goods` [ RunTime:0.002008s ]
[2022-10-16T18:44:20+08:00][sql] SELECT * FROM `sxo_goods` WHERE  `id` = 58  AND `is_delete_time` = 0 ORDER BY `id` DESC LIMIT 0,10 [ RunTime:0.000446s ]
[2022-10-16T18:44:20+08:00][sql] SHOW FULL COLUMNS FROM `sxo_goods_photo` [ RunTime:0.001202s ]
[2022-10-16T18:44:20+08:00][sql] SELECT * FROM `sxo_goods_photo` WHERE  `goods_id` = 58  AND `is_show` = 1 ORDER BY `sort` ASC [ RunTime:0.000944s ]
[2022-10-16T18:44:20+08:00][sql] SHOW FULL COLUMNS FROM `sxo_goods_spec_type` [ RunTime:0.000971s ]
[2022-10-16T18:44:20+08:00][sql] SELECT * FROM `sxo_goods_spec_type` WHERE  `goods_id` = 58 ORDER BY `id` ASC [ RunTime:0.001226s ]
[2022-10-16T18:44:20+08:00][sql] SHOW FULL COLUMNS FROM `sxo_goods_params` [ RunTime:0.001186s ]
[2022-10-16T18:44:20+08:00][sql] SELECT * FROM `sxo_goods_params` WHERE  `goods_id` = 58 ORDER BY `id` ASC [ RunTime:0.000462s ]
[2022-10-16T18:44:20+08:00][sql] SHOW FULL COLUMNS FROM `sxo_goods_comments` [ RunTime:0.001205s ]
[2022-10-16T18:44:20+08:00][sql] SELECT COUNT(*) AS think_count FROM `sxo_goods_comments` WHERE  `goods_id` = 58  AND `is_show` = 1 LIMIT 1 [ RunTime:0.001415s ]
[2022-10-16T18:44:20+08:00][sql] SHOW FULL COLUMNS FROM `sxo_goods_favor` [ RunTime:0.000965s ]
[2022-10-16T18:44:20+08:00][sql] SELECT COUNT(*) AS think_count FROM `sxo_goods_favor` `f` INNER JOIN `sxo_goods` `g` ON `g`.`id`=`f`.`goods_id` WHERE  `goods_id` = 58 LIMIT 1 [ RunTime:0.000891s ]
[2022-10-16T18:44:20+08:00][sql] UPDATE `sxo_goods`  SET `access_count` = `access_count` + 1  WHERE  `id` = 58 [ RunTime:0.012645s ]
[2022-10-16T18:44:20+08:00][sql] SELECT count(*) as count,`rating` FROM `sxo_goods_comments` WHERE  `goods_id` = 58  AND `rating` > 0 GROUP BY `rating` [ RunTime:0.000466s ]
[2022-10-16T18:44:20+08:00][sql] SELECT AVG(`rating`) AS think_avg FROM `sxo_goods_comments` WHERE  `goods_id` = 58  AND `rating` > 0 LIMIT 1 [ RunTime:0.000274s ]
[2022-10-16T18:44:20+08:00][sql] SELECT `id`,`title`,`title_color`,`price`,`images` FROM `sxo_goods` WHERE  `is_shelves` = 1  AND `is_delete_time` = 0 ORDER BY `sales_count` DESC LIMIT 0,16 [ RunTime:0.000468s ]
[2022-10-16T18:44:20+08:00][sql] SELECT `id`,`title`,`title_color`,`price`,`images` FROM `sxo_goods` WHERE  `is_shelves` = 1  AND `is_delete_time` = 0 ORDER BY `access_count` DESC LIMIT 0,10 [ RunTime:0.000692s ]
[2022-10-16T18:44:20+08:00][sql] SHOW FULL COLUMNS FROM `sxo_goods_category_join` [ RunTime:0.001372s ]
[2022-10-16T18:44:20+08:00][sql] SELECT `category_id` FROM `sxo_goods_category_join` WHERE  `goods_id` = 58 [ RunTime:0.000383s ]
[2022-10-16T18:44:20+08:00][sql] SHOW FULL COLUMNS FROM `sxo_goods_category` [ RunTime:0.001205s ]
[2022-10-16T18:44:20+08:00][sql] SELECT `id`,`name` FROM `sxo_goods_category` WHERE  `id` = 926  AND `is_enable` = 1 [ RunTime:0.000304s ]
[2022-10-16T18:44:21+08:00][sql] CONNECT:[ UseTime:0.000737s ] mysql:host=127.0.0.1;port=3306;dbname=tianjinyuxi;charset=utf8mb4
[2022-10-16T18:44:21+08:00][sql] SHOW FULL COLUMNS FROM `sxo_goods_comments` [ RunTime:0.001698s ]
[2022-10-16T18:44:21+08:00][sql] SELECT COUNT(*) AS think_count FROM `sxo_goods_comments` WHERE  `goods_id` = 58  AND `is_show` = 1 LIMIT 1 [ RunTime:0.000437s ]
[2022-10-16T18:44:21+08:00][sql] SELECT * FROM `sxo_goods_comments` WHERE  `goods_id` = 58  AND `is_show` = 1 ORDER BY `id` DESC LIMIT 0,10 [ RunTime:0.000424s ]
[2022-10-16T18:44:40+08:00][sql] CONNECT:[ UseTime:0.000776s ] mysql:host=127.0.0.1;port=3306;dbname=tianjinyuxi;charset=utf8mb4
[2022-10-16T18:44:40+08:00][sql] SHOW FULL COLUMNS FROM `sxo_user` [ RunTime:0.001997s ]
[2022-10-16T18:44:40+08:00][sql] SELECT `id` FROM `sxo_user` WHERE  `system_type` = 'default'  AND ( `username` = 'demo' OR `mobile` = 'demo' OR `email` = 'demo' )  AND `is_delete_time` = 0 LIMIT 1 [ RunTime:0.001714s ]
[2022-10-16T18:44:40+08:00][sql] SELECT * FROM `sxo_user` WHERE  `system_type` = 'default'  AND ( `username` = 'demo' OR `mobile` = 'demo' OR `email` = 'demo' )  AND `is_delete_time` = 0 LIMIT 1 [ RunTime:0.000482s ]
[2022-10-16T18:44:40+08:00][sql] UPDATE `sxo_user`  SET `upd_time` = 1665917080 , `salt` = '267264' , `pwd` = '04b614168abbd7664afbedf5a12ce15e'  WHERE  `id` = 410 [ RunTime:0.005285s ]
[2022-10-16T18:44:40+08:00][sql] SELECT * FROM `sxo_user` WHERE  `system_type` = 'default'  AND `id` = 410  AND `is_delete_time` = 0 LIMIT 1 [ RunTime:0.000321s ]
[2022-10-16T18:44:40+08:00][sql] SELECT `id`,`system_type`,`username`,`nickname`,`mobile`,`email`,`gender`,`avatar`,`province`,`city`,`birthday` FROM `sxo_user` WHERE  `system_type` = 'default'  AND `id` = 410  AND `is_delete_time` = 0 LIMIT 1 [ RunTime:0.000290s ]
[2022-10-16T18:44:42+08:00][sql] CONNECT:[ UseTime:0.000818s ] mysql:host=127.0.0.1;port=3306;dbname=tianjinyuxi;charset=utf8mb4
[2022-10-16T18:44:42+08:00][sql] SHOW FULL COLUMNS FROM `sxo_cart` [ RunTime:0.001731s ]
[2022-10-16T18:44:42+08:00][sql] SELECT COUNT(*) AS think_count FROM `sxo_cart` WHERE  `user_id` = 410 LIMIT 1 [ RunTime:0.001779s ]
[2022-10-16T18:44:42+08:00][sql] SHOW FULL COLUMNS FROM `sxo_message` [ RunTime:0.001284s ]
[2022-10-16T18:44:42+08:00][sql] SELECT COUNT(*) AS think_count FROM `sxo_message` WHERE  `is_delete_time` = 0  AND `user_id` = 410  AND `is_read` = 0 LIMIT 1 [ RunTime:0.001181s ]
[2022-10-16T18:44:42+08:00][sql] SELECT COUNT(*) AS think_count FROM `sxo_cart` WHERE  `user_id` = 410 LIMIT 1 [ RunTime:0.000270s ]
[2022-10-16T18:44:42+08:00][sql] SHOW FULL COLUMNS FROM `sxo_goods` [ RunTime:0.001750s ]
[2022-10-16T18:44:42+08:00][sql] SELECT * FROM `sxo_goods` WHERE  `id` = 58  AND `is_delete_time` = 0 ORDER BY `id` DESC LIMIT 0,10 [ RunTime:0.000461s ]
[2022-10-16T18:44:42+08:00][sql] SHOW FULL COLUMNS FROM `sxo_goods_photo` [ RunTime:0.001227s ]
[2022-10-16T18:44:42+08:00][sql] SELECT * FROM `sxo_goods_photo` WHERE  `goods_id` = 58  AND `is_show` = 1 ORDER BY `sort` ASC [ RunTime:0.000557s ]
[2022-10-16T18:44:42+08:00][sql] SHOW FULL COLUMNS FROM `sxo_goods_spec_type` [ RunTime:0.001056s ]
[2022-10-16T18:44:42+08:00][sql] SELECT * FROM `sxo_goods_spec_type` WHERE  `goods_id` = 58 ORDER BY `id` ASC [ RunTime:0.000450s ]
[2022-10-16T18:44:42+08:00][sql] SHOW FULL COLUMNS FROM `sxo_goods_params` [ RunTime:0.001039s ]
[2022-10-16T18:44:42+08:00][sql] SELECT * FROM `sxo_goods_params` WHERE  `goods_id` = 58 ORDER BY `id` ASC [ RunTime:0.000453s ]
[2022-10-16T18:44:42+08:00][sql] SHOW FULL COLUMNS FROM `sxo_goods_favor` [ RunTime:0.001008s ]
[2022-10-16T18:44:42+08:00][sql] SELECT * FROM `sxo_goods_favor` WHERE  `goods_id` = 58  AND `user_id` = 410 LIMIT 1 [ RunTime:0.000347s ]
[2022-10-16T18:44:42+08:00][sql] SHOW FULL COLUMNS FROM `sxo_goods_comments` [ RunTime:0.001260s ]
[2022-10-16T18:44:42+08:00][sql] SELECT COUNT(*) AS think_count FROM `sxo_goods_comments` WHERE  `goods_id` = 58  AND `is_show` = 1 LIMIT 1 [ RunTime:0.000436s ]
[2022-10-16T18:44:42+08:00][sql] SELECT COUNT(*) AS think_count FROM `sxo_goods_favor` `f` INNER JOIN `sxo_goods` `g` ON `g`.`id`=`f`.`goods_id` WHERE  `goods_id` = 58 LIMIT 1 [ RunTime:0.000333s ]
[2022-10-16T18:44:42+08:00][sql] UPDATE `sxo_goods`  SET `access_count` = `access_count` + 1  WHERE  `id` = 58 [ RunTime:0.005768s ]
[2022-10-16T18:44:42+08:00][sql] SHOW FULL COLUMNS FROM `sxo_goods_browse` [ RunTime:0.001124s ]
[2022-10-16T18:44:42+08:00][sql] SELECT * FROM `sxo_goods_browse` WHERE  `goods_id` = 58  AND `user_id` = 410 LIMIT 1 [ RunTime:0.001280s ]
[2022-10-16T18:44:42+08:00][sql] UPDATE `sxo_goods_browse`  SET `goods_id` = 58 , `user_id` = 410 , `upd_time` = 1665917082  WHERE  `goods_id` = 58  AND `user_id` = 410 [ RunTime:0.004443s ]
[2022-10-16T18:44:42+08:00][sql] SELECT count(*) as count,`rating` FROM `sxo_goods_comments` WHERE  `goods_id` = 58  AND `rating` > 0 GROUP BY `rating` [ RunTime:0.000288s ]
[2022-10-16T18:44:42+08:00][sql] SELECT AVG(`rating`) AS think_avg FROM `sxo_goods_comments` WHERE  `goods_id` = 58  AND `rating` > 0 LIMIT 1 [ RunTime:0.000242s ]
[2022-10-16T18:44:42+08:00][sql] SELECT `id`,`title`,`title_color`,`price`,`images` FROM `sxo_goods` WHERE  `is_shelves` = 1  AND `is_delete_time` = 0 ORDER BY `sales_count` DESC LIMIT 0,16 [ RunTime:0.000405s ]
[2022-10-16T18:44:42+08:00][sql] SELECT `id`,`title`,`title_color`,`price`,`images` FROM `sxo_goods` WHERE  `is_shelves` = 1  AND `is_delete_time` = 0 ORDER BY `access_count` DESC LIMIT 0,10 [ RunTime:0.000648s ]
[2022-10-16T18:44:42+08:00][sql] SHOW FULL COLUMNS FROM `sxo_goods_category_join` [ RunTime:0.001085s ]
[2022-10-16T18:44:42+08:00][sql] SELECT `category_id` FROM `sxo_goods_category_join` WHERE  `goods_id` = 58 [ RunTime:0.000350s ]
[2022-10-16T18:44:42+08:00][sql] SHOW FULL COLUMNS FROM `sxo_goods_category` [ RunTime:0.001294s ]
[2022-10-16T18:44:42+08:00][sql] SELECT `id`,`name` FROM `sxo_goods_category` WHERE  `id` = 926  AND `is_enable` = 1 [ RunTime:0.000328s ]
[2022-10-16T18:44:42+08:00][sql] CONNECT:[ UseTime:0.000734s ] mysql:host=127.0.0.1;port=3306;dbname=tianjinyuxi;charset=utf8mb4
[2022-10-16T18:44:42+08:00][sql] SHOW FULL COLUMNS FROM `sxo_cart` [ RunTime:0.001635s ]
[2022-10-16T18:44:42+08:00][sql] SELECT COUNT(*) AS think_count FROM `sxo_cart` WHERE  `user_id` = 410 LIMIT 1 [ RunTime:0.000538s ]
[2022-10-16T18:44:42+08:00][sql] SHOW FULL COLUMNS FROM `sxo_message` [ RunTime:0.001100s ]
[2022-10-16T18:44:42+08:00][sql] SELECT COUNT(*) AS think_count FROM `sxo_message` WHERE  `is_delete_time` = 0  AND `user_id` = 410  AND `is_read` = 0 LIMIT 1 [ RunTime:0.000546s ]
[2022-10-16T18:44:42+08:00][sql] SELECT COUNT(*) AS think_count FROM `sxo_cart` WHERE  `user_id` = 410 LIMIT 1 [ RunTime:0.000299s ]
[2022-10-16T18:44:42+08:00][sql] CONNECT:[ UseTime:0.000961s ] mysql:host=127.0.0.1;port=3306;dbname=tianjinyuxi;charset=utf8mb4
[2022-10-16T18:44:42+08:00][sql] SHOW FULL COLUMNS FROM `sxo_cart` [ RunTime:0.001580s ]
[2022-10-16T18:44:42+08:00][sql] SELECT COUNT(*) AS think_count FROM `sxo_cart` WHERE  `user_id` = 410 LIMIT 1 [ RunTime:0.000383s ]
[2022-10-16T18:44:42+08:00][sql] SHOW FULL COLUMNS FROM `sxo_message` [ RunTime:0.001127s ]
[2022-10-16T18:44:42+08:00][sql] SELECT COUNT(*) AS think_count FROM `sxo_message` WHERE  `is_delete_time` = 0  AND `user_id` = 410  AND `is_read` = 0 LIMIT 1 [ RunTime:0.000407s ]
[2022-10-16T18:44:42+08:00][sql] SELECT COUNT(*) AS think_count FROM `sxo_cart` WHERE  `user_id` = 410 LIMIT 1 [ RunTime:0.000313s ]
[2022-10-16T18:44:42+08:00][sql] SHOW FULL COLUMNS FROM `sxo_goods_comments` [ RunTime:0.001197s ]
[2022-10-16T18:44:42+08:00][sql] SELECT COUNT(*) AS think_count FROM `sxo_goods_comments` WHERE  `goods_id` = 58  AND `is_show` = 1 LIMIT 1 [ RunTime:0.000327s ]
[2022-10-16T18:44:42+08:00][sql] SELECT * FROM `sxo_goods_comments` WHERE  `goods_id` = 58  AND `is_show` = 1 ORDER BY `id` DESC LIMIT 0,10 [ RunTime:0.000358s ]
[2022-10-16T18:44:47+08:00][sql] CONNECT:[ UseTime:0.000861s ] mysql:host=127.0.0.1;port=3306;dbname=tianjinyuxi;charset=utf8mb4
[2022-10-16T18:44:47+08:00][sql] SHOW FULL COLUMNS FROM `sxo_cart` [ RunTime:0.001706s ]
[2022-10-16T18:44:47+08:00][sql] SELECT COUNT(*) AS think_count FROM `sxo_cart` WHERE  `user_id` = 410 LIMIT 1 [ RunTime:0.000540s ]
[2022-10-16T18:44:47+08:00][sql] SHOW FULL COLUMNS FROM `sxo_message` [ RunTime:0.001228s ]
[2022-10-16T18:44:47+08:00][sql] SELECT COUNT(*) AS think_count FROM `sxo_message` WHERE  `is_delete_time` = 0  AND `user_id` = 410  AND `is_read` = 0 LIMIT 1 [ RunTime:0.000405s ]
[2022-10-16T18:44:47+08:00][sql] SELECT COUNT(*) AS think_count FROM `sxo_cart` WHERE  `user_id` = 410 LIMIT 1 [ RunTime:0.000234s ]
[2022-10-16T18:44:47+08:00][sql] SHOW FULL COLUMNS FROM `sxo_order` [ RunTime:0.001624s ]
[2022-10-16T18:44:47+08:00][sql] SELECT COUNT(DISTINCT id) AS count, status FROM `sxo_order` WHERE  `is_delete_time` = 0  AND `user_is_delete_time` = 0  AND `user_id` = 410 GROUP BY `status` [ RunTime:0.002535s ]
[2022-10-16T18:44:47+08:00][sql] SELECT COUNT(*) AS think_count FROM `sxo_order` WHERE  `is_delete_time` = 0  AND `user_is_delete_time` = 0  AND `user_id` = 410  AND `user_is_comments` = 0  AND `status` = 4 LIMIT 1 [ RunTime:0.000290s ]
[2022-10-16T18:44:47+08:00][sql] SHOW FULL COLUMNS FROM `sxo_article_category` [ RunTime:0.001091s ]
[2022-10-16T18:44:47+08:00][sql] SELECT `name`,`id` FROM `sxo_article_category` WHERE  `id` IN (24,26,27,25) [ RunTime:0.000399s ]
[2022-10-16T18:44:47+08:00][sql] SHOW FULL COLUMNS FROM `sxo_goods` [ RunTime:0.001655s ]
[2022-10-16T18:44:47+08:00][sql] SELECT * FROM `sxo_goods` WHERE  `id` IN (65,64,63,62,61,60,59,58,106,105,104,103,102,101,100,99,122,121,120,119,118,117,114,113,128,127,126,125,124,123)  AND `is_shelves` = 1 ORDER BY `id` DESC [ RunTime:0.001081s ]
[2022-10-16T18:44:47+08:00][sql] SHOW FULL COLUMNS FROM `sxo_link` [ RunTime:0.001129s ]
[2022-10-16T18:44:47+08:00][sql] SELECT * FROM `sxo_link` WHERE  `is_enable` = 1 ORDER BY `sort` ASC,`id` DESC [ RunTime:0.000601s ]
[2022-10-16T18:44:47+08:00][sql] CONNECT:[ UseTime:0.000906s ] mysql:host=127.0.0.1;port=3306;dbname=tianjinyuxi;charset=utf8mb4
[2022-10-16T18:44:47+08:00][sql] SHOW FULL COLUMNS FROM `sxo_cart` [ RunTime:0.001621s ]
[2022-10-16T18:44:47+08:00][sql] SELECT COUNT(*) AS think_count FROM `sxo_cart` WHERE  `user_id` = 410 LIMIT 1 [ RunTime:0.000428s ]
[2022-10-16T18:44:47+08:00][sql] SHOW FULL COLUMNS FROM `sxo_message` [ RunTime:0.001157s ]
[2022-10-16T18:44:47+08:00][sql] SELECT COUNT(*) AS think_count FROM `sxo_message` WHERE  `is_delete_time` = 0  AND `user_id` = 410  AND `is_read` = 0 LIMIT 1 [ RunTime:0.000423s ]
[2022-10-16T18:44:47+08:00][sql] SELECT COUNT(*) AS think_count FROM `sxo_cart` WHERE  `user_id` = 410 LIMIT 1 [ RunTime:0.000254s ]
[2022-10-16T18:44:55+08:00][sql] CONNECT:[ UseTime:0.000784s ] mysql:host=127.0.0.1;port=3306;dbname=tianjinyuxi;charset=utf8mb4
[2022-10-16T18:44:55+08:00][sql] SHOW FULL COLUMNS FROM `sxo_cart` [ RunTime:0.001802s ]
[2022-10-16T18:44:55+08:00][sql] SELECT COUNT(*) AS think_count FROM `sxo_cart` WHERE  `user_id` = 410 LIMIT 1 [ RunTime:0.000436s ]
[2022-10-16T18:44:55+08:00][sql] SHOW FULL COLUMNS FROM `sxo_message` [ RunTime:0.001149s ]
[2022-10-16T18:44:55+08:00][sql] SELECT COUNT(*) AS think_count FROM `sxo_message` WHERE  `is_delete_time` = 0  AND `user_id` = 410  AND `is_read` = 0 LIMIT 1 [ RunTime:0.000384s ]
[2022-10-16T18:44:55+08:00][sql] SELECT COUNT(*) AS think_count FROM `sxo_cart` WHERE  `user_id` = 410 LIMIT 1 [ RunTime:0.000257s ]
[2022-10-16T18:44:55+08:00][sql] CONNECT:[ UseTime:0.000828s ] mysql:host=127.0.0.1;port=3306;dbname=tianjinyuxi;charset=utf8mb4
[2022-10-16T18:44:55+08:00][sql] SHOW FULL COLUMNS FROM `sxo_cart` [ RunTime:0.001677s ]
[2022-10-16T18:44:55+08:00][sql] SELECT COUNT(*) AS think_count FROM `sxo_cart` WHERE  `user_id` = 410 LIMIT 1 [ RunTime:0.000434s ]
[2022-10-16T18:44:55+08:00][sql] SHOW FULL COLUMNS FROM `sxo_message` [ RunTime:0.001161s ]
[2022-10-16T18:44:55+08:00][sql] SELECT COUNT(*) AS think_count FROM `sxo_message` WHERE  `is_delete_time` = 0  AND `user_id` = 410  AND `is_read` = 0 LIMIT 1 [ RunTime:0.000405s ]
[2022-10-16T18:44:55+08:00][sql] SELECT COUNT(*) AS think_count FROM `sxo_cart` WHERE  `user_id` = 410 LIMIT 1 [ RunTime:0.000251s ]
[2022-10-16T18:45:06+08:00][sql] CONNECT:[ UseTime:0.000703s ] mysql:host=127.0.0.1;port=3306;dbname=tianjinyuxi;charset=utf8mb4
[2022-10-16T18:45:06+08:00][sql] SHOW FULL COLUMNS FROM `sxo_cart` [ RunTime:0.001717s ]
[2022-10-16T18:45:06+08:00][sql] SELECT COUNT(*) AS think_count FROM `sxo_cart` WHERE  `user_id` = 410 LIMIT 1 [ RunTime:0.000467s ]
[2022-10-16T18:45:06+08:00][sql] SHOW FULL COLUMNS FROM `sxo_message` [ RunTime:0.001145s ]
[2022-10-16T18:45:06+08:00][sql] SELECT COUNT(*) AS think_count FROM `sxo_message` WHERE  `is_delete_time` = 0  AND `user_id` = 410  AND `is_read` = 0 LIMIT 1 [ RunTime:0.000408s ]
[2022-10-16T18:45:06+08:00][sql] SELECT COUNT(*) AS think_count FROM `sxo_cart` WHERE  `user_id` = 410 LIMIT 1 [ RunTime:0.000272s ]
[2022-10-16T18:45:06+08:00][sql] SHOW FULL COLUMNS FROM `sxo_order` [ RunTime:0.001634s ]
[2022-10-16T18:45:06+08:00][sql] SELECT COUNT(DISTINCT id) AS count, status FROM `sxo_order` WHERE  `is_delete_time` = 0  AND `user_is_delete_time` = 0  AND `user_id` = 410 GROUP BY `status` [ RunTime:0.000518s ]
[2022-10-16T18:45:06+08:00][sql] SELECT COUNT(*) AS think_count FROM `sxo_order` WHERE  `is_delete_time` = 0  AND `user_is_delete_time` = 0  AND `user_id` = 410  AND `user_is_comments` = 0  AND `status` = 4 LIMIT 1 [ RunTime:0.000312s ]
[2022-10-16T18:45:06+08:00][sql] SHOW FULL COLUMNS FROM `sxo_article_category` [ RunTime:0.001009s ]
[2022-10-16T18:45:06+08:00][sql] SELECT `name`,`id` FROM `sxo_article_category` WHERE  `id` IN (24,26,27,25) [ RunTime:0.000358s ]
[2022-10-16T18:45:06+08:00][sql] SHOW FULL COLUMNS FROM `sxo_goods` [ RunTime:0.001584s ]
[2022-10-16T18:45:06+08:00][sql] SELECT * FROM `sxo_goods` WHERE  `id` IN (65,64,63,62,61,60,59,58,106,105,104,103,102,101,100,99,122,121,120,119,118,117,114,113,128,127,126,125,124,123)  AND `is_shelves` = 1 ORDER BY `id` DESC [ RunTime:0.000976s ]
[2022-10-16T18:45:06+08:00][sql] SHOW FULL COLUMNS FROM `sxo_link` [ RunTime:0.001123s ]
[2022-10-16T18:45:06+08:00][sql] SELECT * FROM `sxo_link` WHERE  `is_enable` = 1 ORDER BY `sort` ASC,`id` DESC [ RunTime:0.000374s ]
[2022-10-16T18:45:06+08:00][sql] CONNECT:[ UseTime:0.000883s ] mysql:host=127.0.0.1;port=3306;dbname=tianjinyuxi;charset=utf8mb4
[2022-10-16T18:45:06+08:00][sql] SHOW FULL COLUMNS FROM `sxo_cart` [ RunTime:0.001680s ]
[2022-10-16T18:45:06+08:00][sql] SELECT COUNT(*) AS think_count FROM `sxo_cart` WHERE  `user_id` = 410 LIMIT 1 [ RunTime:0.000491s ]
[2022-10-16T18:45:06+08:00][sql] SHOW FULL COLUMNS FROM `sxo_message` [ RunTime:0.001235s ]
[2022-10-16T18:45:06+08:00][sql] SELECT COUNT(*) AS think_count FROM `sxo_message` WHERE  `is_delete_time` = 0  AND `user_id` = 410  AND `is_read` = 0 LIMIT 1 [ RunTime:0.000446s ]
[2022-10-16T18:45:06+08:00][sql] SELECT COUNT(*) AS think_count FROM `sxo_cart` WHERE  `user_id` = 410 LIMIT 1 [ RunTime:0.000368s ]
[2022-10-16T18:55:27+08:00][sql] CONNECT:[ UseTime:0.000741s ] mysql:host=127.0.0.1;port=3306;dbname=tianjinyuxi;charset=utf8mb4
[2022-10-16T18:55:27+08:00][sql] SHOW FULL COLUMNS FROM `sxo_navigation` [ RunTime:0.001709s ]
[2022-10-16T18:55:27+08:00][sql] SELECT `id`,`pid`,`name`,`url`,`value`,`data_type`,`is_new_window_open` FROM `sxo_navigation` WHERE  `nav_type` = 'header'  AND `is_show` = 1  AND `pid` = 0 ORDER BY `sort` ASC,`id` ASC [ RunTime:0.000639s ]
[2022-10-16T18:55:27+08:00][sql] SELECT `id`,`pid`,`name`,`url`,`value`,`data_type`,`is_new_window_open` FROM `sxo_navigation` WHERE  `nav_type` = 'header'  AND `is_show` = 1  AND `pid` IN (56,57,58,59,61) ORDER BY `sort` ASC,`id` ASC [ RunTime:0.000472s ]
[2022-10-16T18:55:27+08:00][sql] SELECT `id`,`pid`,`name`,`url`,`value`,`data_type`,`is_new_window_open` FROM `sxo_navigation` WHERE  `nav_type` = 'footer'  AND `is_show` = 1  AND `pid` = 0 ORDER BY `sort` ASC,`id` ASC [ RunTime:0.000351s ]
[2022-10-16T18:55:27+08:00][sql] SELECT `id`,`pid`,`name`,`url`,`value`,`data_type`,`is_new_window_open` FROM `sxo_navigation` WHERE  `nav_type` = 'footer'  AND `is_show` = 1  AND `pid` IN (34,35,36,37,55) ORDER BY `sort` ASC,`id` ASC [ RunTime:0.000409s ]
[2022-10-16T18:55:27+08:00][sql] SHOW FULL COLUMNS FROM `sxo_quick_nav` [ RunTime:0.001157s ]
[2022-10-16T18:55:27+08:00][sql] SELECT `id`,`name`,`images_url`,`event_value`,`event_type`,`bg_color` FROM `sxo_quick_nav` WHERE  `platform` = 'pc'  AND `is_enable` = 1 ORDER BY `sort` ASC,`id` ASC [ RunTime:0.000570s ]
[2022-10-16T18:55:27+08:00][sql] SHOW FULL COLUMNS FROM `sxo_goods_category` [ RunTime:0.001204s ]
[2022-10-16T18:55:27+08:00][sql] SELECT `id`,`pid`,`icon`,`name`,`vice_name`,`describe`,`bg_color`,`big_images`,`sort`,`is_home_recommended`,`seo_title`,`seo_keywords`,`seo_desc` FROM `sxo_goods_category` WHERE  `pid` = 0  AND `is_enable` = 1  AND `is_enable` = 1 ORDER BY `sort` ASC [ RunTime:0.000430s ]
[2022-10-16T18:55:27+08:00][sql] SELECT `id`,`pid`,`icon`,`name`,`vice_name`,`describe`,`bg_color`,`big_images`,`sort`,`is_home_recommended`,`seo_title`,`seo_keywords`,`seo_desc` FROM `sxo_goods_category` WHERE  `is_enable` = 1  AND `pid` = 922  AND `is_enable` = 1 ORDER BY `sort` ASC [ RunTime:0.000322s ]
[2022-10-16T18:55:27+08:00][sql] SELECT `id`,`pid`,`icon`,`name`,`vice_name`,`describe`,`bg_color`,`big_images`,`sort`,`is_home_recommended`,`seo_title`,`seo_keywords`,`seo_desc` FROM `sxo_goods_category` WHERE  `is_enable` = 1  AND `pid` IN (926,928)  AND `is_enable` = 1 ORDER BY `sort` ASC [ RunTime:0.000341s ]
[2022-10-16T18:55:27+08:00][sql] SELECT `id`,`pid`,`icon`,`name`,`vice_name`,`describe`,`bg_color`,`big_images`,`sort`,`is_home_recommended`,`seo_title`,`seo_keywords`,`seo_desc` FROM `sxo_goods_category` WHERE  `is_enable` = 1  AND `pid` = 923  AND `is_enable` = 1 ORDER BY `sort` ASC [ RunTime:0.000348s ]
[2022-10-16T18:55:27+08:00][sql] SELECT `id`,`pid`,`icon`,`name`,`vice_name`,`describe`,`bg_color`,`big_images`,`sort`,`is_home_recommended`,`seo_title`,`seo_keywords`,`seo_desc` FROM `sxo_goods_category` WHERE  `is_enable` = 1  AND `pid` IN (929,930,931)  AND `is_enable` = 1 ORDER BY `sort` ASC [ RunTime:0.000404s ]
[2022-10-16T18:55:27+08:00][sql] SELECT `id`,`pid`,`icon`,`name`,`vice_name`,`describe`,`bg_color`,`big_images`,`sort`,`is_home_recommended`,`seo_title`,`seo_keywords`,`seo_desc` FROM `sxo_goods_category` WHERE  `is_enable` = 1  AND `pid` = 924  AND `is_enable` = 1 ORDER BY `sort` ASC [ RunTime:0.000347s ]
[2022-10-16T18:55:27+08:00][sql] SELECT `id`,`pid`,`icon`,`name`,`vice_name`,`describe`,`bg_color`,`big_images`,`sort`,`is_home_recommended`,`seo_title`,`seo_keywords`,`seo_desc` FROM `sxo_goods_category` WHERE  `is_enable` = 1  AND `pid` IN (932,933)  AND `is_enable` = 1 ORDER BY `sort` ASC [ RunTime:0.000368s ]
[2022-10-16T18:55:27+08:00][sql] SELECT `id`,`pid`,`icon`,`name`,`vice_name`,`describe`,`bg_color`,`big_images`,`sort`,`is_home_recommended`,`seo_title`,`seo_keywords`,`seo_desc` FROM `sxo_goods_category` WHERE  `is_enable` = 1  AND `pid` = 925  AND `is_enable` = 1 ORDER BY `sort` ASC [ RunTime:0.000374s ]
[2022-10-16T18:55:27+08:00][sql] SELECT `id`,`pid`,`icon`,`name`,`vice_name`,`describe`,`bg_color`,`big_images`,`sort`,`is_home_recommended`,`seo_title`,`seo_keywords`,`seo_desc` FROM `sxo_goods_category` WHERE  `is_enable` = 1  AND `pid` IN (934,935)  AND `is_enable` = 1 ORDER BY `sort` ASC [ RunTime:0.000330s ]
[2022-10-16T18:55:27+08:00][sql] SHOW FULL COLUMNS FROM `sxo_slide` [ RunTime:0.001229s ]
[2022-10-16T18:55:27+08:00][sql] SELECT `name`,`images_url`,`event_value`,`event_type`,`bg_color` FROM `sxo_slide` WHERE  `platform` = 'pc'  AND `is_enable` = 1 ORDER BY `sort` ASC,`id` ASC [ RunTime:0.000473s ]
[2022-10-16T18:55:27+08:00][sql] SHOW FULL COLUMNS FROM `sxo_app_home_nav` [ RunTime:0.001170s ]
[2022-10-16T18:55:27+08:00][sql] SELECT `id`,`name`,`images_url`,`event_value`,`event_type`,`bg_color`,`is_need_login` FROM `sxo_app_home_nav` WHERE  `platform` = 'pc'  AND `is_enable` = 1 ORDER BY `sort` ASC,`id` ASC [ RunTime:0.001786s ]
[2022-10-16T18:55:27+08:00][sql] SHOW FULL COLUMNS FROM `sxo_article` [ RunTime:0.001338s ]
[2022-10-16T18:55:27+08:00][sql] SELECT `id`,`title`,`title_color`,`article_category_id` FROM `sxo_article` WHERE  `is_enable` = 1  AND `is_home_recommended` = 1 ORDER BY `id` DESC LIMIT 0,9 [ RunTime:0.000539s ]
[2022-10-16T18:55:27+08:00][sql] SHOW FULL COLUMNS FROM `sxo_article_category` [ RunTime:0.001080s ]
[2022-10-16T18:55:27+08:00][sql] SELECT `name`,`id` FROM `sxo_article_category` WHERE  `id` IN (24,26,27,25) [ RunTime:0.000457s ]
[2022-10-16T18:55:27+08:00][sql] SELECT `id`,`pid`,`icon`,`name`,`vice_name`,`describe`,`bg_color`,`big_images`,`sort`,`is_home_recommended`,`seo_title`,`seo_keywords`,`seo_desc` FROM `sxo_goods_category` WHERE  `pid` = 0  AND `is_home_recommended` = 1  AND `is_enable` = 1  AND `is_enable` = 1 ORDER BY `sort` ASC [ RunTime:0.000398s ]
[2022-10-16T18:55:27+08:00][sql] SELECT `id` FROM `sxo_goods_category` WHERE  `pid` = 922  AND `is_enable` = 1 [ RunTime:0.000283s ]
[2022-10-16T18:55:27+08:00][sql] SELECT `id` FROM `sxo_goods_category` WHERE  `pid` IN (926,928)  AND `is_enable` = 1 [ RunTime:0.000290s ]
[2022-10-16T18:55:27+08:00][sql] SHOW FULL COLUMNS FROM `sxo_goods` [ RunTime:0.001800s ]
[2022-10-16T18:55:27+08:00][sql] SELECT `g`.`id` FROM `sxo_goods` `g` INNER JOIN `sxo_goods_category_join` `gci` ON `g`.`id`=`gci`.`goods_id` WHERE  `gci`.`category_id` IN ('922','926','928')  AND `g`.`is_shelves` = '1'  AND `g`.`is_delete_time` = '0' GROUP BY `g`.`id` ORDER BY `g`.`id` DESC LIMIT 0,8 [ RunTime:0.000580s ]
[2022-10-16T18:55:27+08:00][sql] SELECT `id` FROM `sxo_goods_category` WHERE  `pid` = 923  AND `is_enable` = 1 [ RunTime:0.000268s ]
[2022-10-16T18:55:27+08:00][sql] SELECT `id` FROM `sxo_goods_category` WHERE  `pid` IN (929,930,931)  AND `is_enable` = 1 [ RunTime:0.000300s ]
[2022-10-16T18:55:27+08:00][sql] SELECT `g`.`id` FROM `sxo_goods` `g` INNER JOIN `sxo_goods_category_join` `gci` ON `g`.`id`=`gci`.`goods_id` WHERE  `gci`.`category_id` IN ('923','929','930','931')  AND `g`.`is_shelves` = '1'  AND `g`.`is_delete_time` = '0' GROUP BY `g`.`id` ORDER BY `g`.`id` DESC LIMIT 0,8 [ RunTime:0.000569s ]
[2022-10-16T18:55:27+08:00][sql] SELECT `id` FROM `sxo_goods_category` WHERE  `pid` = 924  AND `is_enable` = 1 [ RunTime:0.000289s ]
[2022-10-16T18:55:27+08:00][sql] SELECT `id` FROM `sxo_goods_category` WHERE  `pid` IN (932,933)  AND `is_enable` = 1 [ RunTime:0.000285s ]
[2022-10-16T18:55:27+08:00][sql] SELECT `g`.`id` FROM `sxo_goods` `g` INNER JOIN `sxo_goods_category_join` `gci` ON `g`.`id`=`gci`.`goods_id` WHERE  `gci`.`category_id` IN ('924','932','933')  AND `g`.`is_shelves` = '1'  AND `g`.`is_delete_time` = '0' GROUP BY `g`.`id` ORDER BY `g`.`id` DESC LIMIT 0,8 [ RunTime:0.000564s ]
[2022-10-16T18:55:27+08:00][sql] SELECT `id` FROM `sxo_goods_category` WHERE  `pid` = 925  AND `is_enable` = 1 [ RunTime:0.000283s ]
[2022-10-16T18:55:27+08:00][sql] SELECT `id` FROM `sxo_goods_category` WHERE  `pid` IN (934,935)  AND `is_enable` = 1 [ RunTime:0.000257s ]
[2022-10-16T18:55:27+08:00][sql] SELECT `g`.`id` FROM `sxo_goods` `g` INNER JOIN `sxo_goods_category_join` `gci` ON `g`.`id`=`gci`.`goods_id` WHERE  `gci`.`category_id` IN ('925','934','935')  AND `g`.`is_shelves` = '1'  AND `g`.`is_delete_time` = '0' GROUP BY `g`.`id` ORDER BY `g`.`id` DESC LIMIT 0,8 [ RunTime:0.000504s ]
[2022-10-16T18:55:27+08:00][sql] SELECT * FROM `sxo_goods` WHERE  `id` IN (65,64,63,62,61,60,59,58,106,105,104,103,102,101,100,99,122,121,120,119,118,117,114,113,128,127,126,125,124,123)  AND `is_shelves` = 1 ORDER BY `id` DESC [ RunTime:0.000993s ]
[2022-10-16T18:57:46+08:00][sql] CONNECT:[ UseTime:0.000668s ] mysql:host=127.0.0.1;port=3306;dbname=tianjinyuxi;charset=utf8mb4
[2022-10-16T18:57:46+08:00][sql] SHOW FULL COLUMNS FROM `sxo_article_category` [ RunTime:0.001560s ]
[2022-10-16T18:57:46+08:00][sql] SELECT `name`,`id` FROM `sxo_article_category` WHERE  `id` IN (24,26,27,25) [ RunTime:0.000531s ]
[2022-10-16T18:57:46+08:00][sql] SHOW FULL COLUMNS FROM `sxo_goods` [ RunTime:0.001558s ]
[2022-10-16T18:57:46+08:00][sql] SELECT * FROM `sxo_goods` WHERE  `id` IN (65,64,63,62,61,60,59,58,106,105,104,103,102,101,100,99,122,121,120,119,118,117,114,113,128,127,126,125,124,123)  AND `is_shelves` = 1 ORDER BY `id` DESC [ RunTime:0.001094s ]
[2022-10-16T18:57:46+08:00][sql] SHOW FULL COLUMNS FROM `sxo_link` [ RunTime:0.001125s ]
[2022-10-16T18:57:46+08:00][sql] SELECT * FROM `sxo_link` WHERE  `is_enable` = 1 ORDER BY `sort` ASC,`id` DESC [ RunTime:0.000353s ]
[2022-10-16T19:00:35+08:00][sql] CONNECT:[ UseTime:0.000699s ] mysql:host=127.0.0.1;port=3306;dbname=tianjinyuxi;charset=utf8mb4
[2022-10-16T19:00:35+08:00][sql] SHOW FULL COLUMNS FROM `sxo_navigation` [ RunTime:0.001737s ]
[2022-10-16T19:00:35+08:00][sql] SELECT `id`,`pid`,`name`,`url`,`value`,`data_type`,`is_new_window_open` FROM `sxo_navigation` WHERE  `nav_type` = 'header'  AND `is_show` = 1  AND `pid` = 0 ORDER BY `sort` ASC,`id` ASC [ RunTime:0.000747s ]
[2022-10-16T19:00:35+08:00][sql] SELECT `id`,`pid`,`name`,`url`,`value`,`data_type`,`is_new_window_open` FROM `sxo_navigation` WHERE  `nav_type` = 'header'  AND `is_show` = 1  AND `pid` IN (56,57,58,59,61) ORDER BY `sort` ASC,`id` ASC [ RunTime:0.000392s ]
[2022-10-16T19:00:35+08:00][sql] SELECT `id`,`pid`,`name`,`url`,`value`,`data_type`,`is_new_window_open` FROM `sxo_navigation` WHERE  `nav_type` = 'footer'  AND `is_show` = 1  AND `pid` = 0 ORDER BY `sort` ASC,`id` ASC [ RunTime:0.000443s ]
[2022-10-16T19:00:35+08:00][sql] SELECT `id`,`pid`,`name`,`url`,`value`,`data_type`,`is_new_window_open` FROM `sxo_navigation` WHERE  `nav_type` = 'footer'  AND `is_show` = 1  AND `pid` IN (34,35,36,37,55) ORDER BY `sort` ASC,`id` ASC [ RunTime:0.000507s ]
[2022-10-16T19:00:35+08:00][sql] SHOW FULL COLUMNS FROM `sxo_quick_nav` [ RunTime:0.001432s ]
[2022-10-16T19:00:35+08:00][sql] SELECT `id`,`name`,`images_url`,`event_value`,`event_type`,`bg_color` FROM `sxo_quick_nav` WHERE  `platform` = 'pc'  AND `is_enable` = 1 ORDER BY `sort` ASC,`id` ASC [ RunTime:0.000577s ]
[2022-10-16T19:00:35+08:00][sql] SHOW FULL COLUMNS FROM `sxo_goods_category` [ RunTime:0.001430s ]
[2022-10-16T19:00:35+08:00][sql] SELECT `id`,`pid`,`icon`,`name`,`vice_name`,`describe`,`bg_color`,`big_images`,`sort`,`is_home_recommended`,`seo_title`,`seo_keywords`,`seo_desc` FROM `sxo_goods_category` WHERE  `pid` = 0  AND `is_enable` = 1  AND `is_enable` = 1 ORDER BY `sort` ASC [ RunTime:0.000547s ]
[2022-10-16T19:00:35+08:00][sql] SELECT `id`,`pid`,`icon`,`name`,`vice_name`,`describe`,`bg_color`,`big_images`,`sort`,`is_home_recommended`,`seo_title`,`seo_keywords`,`seo_desc` FROM `sxo_goods_category` WHERE  `is_enable` = 1  AND `pid` = 922  AND `is_enable` = 1 ORDER BY `sort` ASC [ RunTime:0.000301s ]
[2022-10-16T19:00:35+08:00][sql] SELECT `id`,`pid`,`icon`,`name`,`vice_name`,`describe`,`bg_color`,`big_images`,`sort`,`is_home_recommended`,`seo_title`,`seo_keywords`,`seo_desc` FROM `sxo_goods_category` WHERE  `is_enable` = 1  AND `pid` IN (926,928)  AND `is_enable` = 1 ORDER BY `sort` ASC [ RunTime:0.000291s ]
[2022-10-16T19:00:35+08:00][sql] SELECT `id`,`pid`,`icon`,`name`,`vice_name`,`describe`,`bg_color`,`big_images`,`sort`,`is_home_recommended`,`seo_title`,`seo_keywords`,`seo_desc` FROM `sxo_goods_category` WHERE  `is_enable` = 1  AND `pid` = 923  AND `is_enable` = 1 ORDER BY `sort` ASC [ RunTime:0.000334s ]
[2022-10-16T19:00:35+08:00][sql] SELECT `id`,`pid`,`icon`,`name`,`vice_name`,`describe`,`bg_color`,`big_images`,`sort`,`is_home_recommended`,`seo_title`,`seo_keywords`,`seo_desc` FROM `sxo_goods_category` WHERE  `is_enable` = 1  AND `pid` IN (929,930,931)  AND `is_enable` = 1 ORDER BY `sort` ASC [ RunTime:0.000324s ]
[2022-10-16T19:00:35+08:00][sql] SELECT `id`,`pid`,`icon`,`name`,`vice_name`,`describe`,`bg_color`,`big_images`,`sort`,`is_home_recommended`,`seo_title`,`seo_keywords`,`seo_desc` FROM `sxo_goods_category` WHERE  `is_enable` = 1  AND `pid` = 924  AND `is_enable` = 1 ORDER BY `sort` ASC [ RunTime:0.000299s ]
[2022-10-16T19:00:35+08:00][sql] SELECT `id`,`pid`,`icon`,`name`,`vice_name`,`describe`,`bg_color`,`big_images`,`sort`,`is_home_recommended`,`seo_title`,`seo_keywords`,`seo_desc` FROM `sxo_goods_category` WHERE  `is_enable` = 1  AND `pid` IN (932,933)  AND `is_enable` = 1 ORDER BY `sort` ASC [ RunTime:0.000342s ]
[2022-10-16T19:00:35+08:00][sql] SELECT `id`,`pid`,`icon`,`name`,`vice_name`,`describe`,`bg_color`,`big_images`,`sort`,`is_home_recommended`,`seo_title`,`seo_keywords`,`seo_desc` FROM `sxo_goods_category` WHERE  `is_enable` = 1  AND `pid` = 925  AND `is_enable` = 1 ORDER BY `sort` ASC [ RunTime:0.000322s ]
[2022-10-16T19:00:35+08:00][sql] SELECT `id`,`pid`,`icon`,`name`,`vice_name`,`describe`,`bg_color`,`big_images`,`sort`,`is_home_recommended`,`seo_title`,`seo_keywords`,`seo_desc` FROM `sxo_goods_category` WHERE  `is_enable` = 1  AND `pid` IN (934,935)  AND `is_enable` = 1 ORDER BY `sort` ASC [ RunTime:0.000312s ]
[2022-10-16T19:00:35+08:00][sql] SHOW FULL COLUMNS FROM `sxo_slide` [ RunTime:0.001456s ]
[2022-10-16T19:00:35+08:00][sql] SELECT `name`,`images_url`,`event_value`,`event_type`,`bg_color` FROM `sxo_slide` WHERE  `platform` = 'pc'  AND `is_enable` = 1 ORDER BY `sort` ASC,`id` ASC [ RunTime:0.000560s ]
[2022-10-16T19:00:35+08:00][sql] SHOW FULL COLUMNS FROM `sxo_app_home_nav` [ RunTime:0.001174s ]
[2022-10-16T19:00:35+08:00][sql] SELECT `id`,`name`,`images_url`,`event_value`,`event_type`,`bg_color`,`is_need_login` FROM `sxo_app_home_nav` WHERE  `platform` = 'pc'  AND `is_enable` = 1 ORDER BY `sort` ASC,`id` ASC [ RunTime:0.000585s ]
[2022-10-16T19:00:35+08:00][sql] SHOW FULL COLUMNS FROM `sxo_article` [ RunTime:0.001399s ]
[2022-10-16T19:00:35+08:00][sql] SELECT `id`,`title`,`title_color`,`article_category_id` FROM `sxo_article` WHERE  `is_enable` = 1  AND `is_home_recommended` = 1 ORDER BY `id` DESC LIMIT 0,9 [ RunTime:0.000547s ]
[2022-10-16T19:00:35+08:00][sql] SHOW FULL COLUMNS FROM `sxo_article_category` [ RunTime:0.000996s ]
[2022-10-16T19:00:35+08:00][sql] SELECT `name`,`id` FROM `sxo_article_category` WHERE  `id` IN (24,26,27,25) [ RunTime:0.000255s ]
[2022-10-16T19:00:35+08:00][sql] SELECT `id`,`pid`,`icon`,`name`,`vice_name`,`describe`,`bg_color`,`big_images`,`sort`,`is_home_recommended`,`seo_title`,`seo_keywords`,`seo_desc` FROM `sxo_goods_category` WHERE  `pid` = 0  AND `is_home_recommended` = 1  AND `is_enable` = 1  AND `is_enable` = 1 ORDER BY `sort` ASC [ RunTime:0.000425s ]
[2022-10-16T19:00:35+08:00][sql] SELECT `id` FROM `sxo_goods_category` WHERE  `pid` = 922  AND `is_enable` = 1 [ RunTime:0.000270s ]
[2022-10-16T19:00:35+08:00][sql] SELECT `id` FROM `sxo_goods_category` WHERE  `pid` IN (926,928)  AND `is_enable` = 1 [ RunTime:0.000238s ]
[2022-10-16T19:00:35+08:00][sql] SHOW FULL COLUMNS FROM `sxo_goods` [ RunTime:0.001716s ]
[2022-10-16T19:00:35+08:00][sql] SELECT `g`.`id` FROM `sxo_goods` `g` INNER JOIN `sxo_goods_category_join` `gci` ON `g`.`id`=`gci`.`goods_id` WHERE  `gci`.`category_id` IN ('922','926','928')  AND `g`.`is_shelves` = '1'  AND `g`.`is_delete_time` = '0' GROUP BY `g`.`id` ORDER BY `g`.`id` DESC LIMIT 0,8 [ RunTime:0.000578s ]
[2022-10-16T19:00:35+08:00][sql] SELECT `id` FROM `sxo_goods_category` WHERE  `pid` = 923  AND `is_enable` = 1 [ RunTime:0.000327s ]
[2022-10-16T19:00:35+08:00][sql] SELECT `id` FROM `sxo_goods_category` WHERE  `pid` IN (929,930,931)  AND `is_enable` = 1 [ RunTime:0.000290s ]
[2022-10-16T19:00:35+08:00][sql] SELECT `g`.`id` FROM `sxo_goods` `g` INNER JOIN `sxo_goods_category_join` `gci` ON `g`.`id`=`gci`.`goods_id` WHERE  `gci`.`category_id` IN ('923','929','930','931')  AND `g`.`is_shelves` = '1'  AND `g`.`is_delete_time` = '0' GROUP BY `g`.`id` ORDER BY `g`.`id` DESC LIMIT 0,8 [ RunTime:0.000528s ]
[2022-10-16T19:00:35+08:00][sql] SELECT `id` FROM `sxo_goods_category` WHERE  `pid` = 924  AND `is_enable` = 1 [ RunTime:0.000296s ]
[2022-10-16T19:00:35+08:00][sql] SELECT `id` FROM `sxo_goods_category` WHERE  `pid` IN (932,933)  AND `is_enable` = 1 [ RunTime:0.000293s ]
[2022-10-16T19:00:35+08:00][sql] SELECT `g`.`id` FROM `sxo_goods` `g` INNER JOIN `sxo_goods_category_join` `gci` ON `g`.`id`=`gci`.`goods_id` WHERE  `gci`.`category_id` IN ('924','932','933')  AND `g`.`is_shelves` = '1'  AND `g`.`is_delete_time` = '0' GROUP BY `g`.`id` ORDER BY `g`.`id` DESC LIMIT 0,8 [ RunTime:0.000479s ]
[2022-10-16T19:00:35+08:00][sql] SELECT `id` FROM `sxo_goods_category` WHERE  `pid` = 925  AND `is_enable` = 1 [ RunTime:0.000288s ]
[2022-10-16T19:00:35+08:00][sql] SELECT `id` FROM `sxo_goods_category` WHERE  `pid` IN (934,935)  AND `is_enable` = 1 [ RunTime:0.000327s ]
[2022-10-16T19:00:35+08:00][sql] SELECT `g`.`id` FROM `sxo_goods` `g` INNER JOIN `sxo_goods_category_join` `gci` ON `g`.`id`=`gci`.`goods_id` WHERE  `gci`.`category_id` IN ('925','934','935')  AND `g`.`is_shelves` = '1'  AND `g`.`is_delete_time` = '0' GROUP BY `g`.`id` ORDER BY `g`.`id` DESC LIMIT 0,8 [ RunTime:0.000408s ]
[2022-10-16T19:00:35+08:00][sql] SELECT * FROM `sxo_goods` WHERE  `id` IN (65,64,63,62,61,60,59,58,106,105,104,103,102,101,100,99,122,121,120,119,118,117,114,113,128,127,126,125,124,123)  AND `is_shelves` = 1 ORDER BY `id` DESC [ RunTime:0.000967s ]
[2022-10-16T19:00:40+08:00][sql] CONNECT:[ UseTime:0.000803s ] mysql:host=127.0.0.1;port=3306;dbname=tianjinyuxi;charset=utf8mb4
[2022-10-16T19:00:40+08:00][sql] SHOW FULL COLUMNS FROM `sxo_article_category` [ RunTime:0.001790s ]
[2022-10-16T19:00:40+08:00][sql] SELECT `name`,`id` FROM `sxo_article_category` WHERE  `id` IN (24,26,27,25) [ RunTime:0.000489s ]
[2022-10-16T19:00:40+08:00][sql] SHOW FULL COLUMNS FROM `sxo_goods` [ RunTime:0.001761s ]
[2022-10-16T19:00:40+08:00][sql] SELECT * FROM `sxo_goods` WHERE  `id` IN (65,64,63,62,61,60,59,58,106,105,104,103,102,101,100,99,122,121,120,119,118,117,114,113,128,127,126,125,124,123)  AND `is_shelves` = 1 ORDER BY `id` DESC [ RunTime:0.001128s ]
[2022-10-16T19:01:22+08:00][sql] CONNECT:[ UseTime:0.000832s ] mysql:host=127.0.0.1;port=3306;dbname=tianjinyuxi;charset=utf8mb4
[2022-10-16T19:01:22+08:00][sql] SHOW FULL COLUMNS FROM `sxo_cart` [ RunTime:0.001672s ]
[2022-10-16T19:01:22+08:00][sql] SELECT COUNT(*) AS think_count FROM `sxo_cart` WHERE  `user_id` = 410 LIMIT 1 [ RunTime:0.000603s ]
[2022-10-16T19:01:22+08:00][sql] SHOW FULL COLUMNS FROM `sxo_message` [ RunTime:0.001290s ]
[2022-10-16T19:01:22+08:00][sql] SELECT COUNT(*) AS think_count FROM `sxo_message` WHERE  `is_delete_time` = 0  AND `user_id` = 410  AND `is_read` = 0 LIMIT 1 [ RunTime:0.000527s ]
[2022-10-16T19:01:22+08:00][sql] SELECT COUNT(*) AS think_count FROM `sxo_cart` WHERE  `user_id` = 410 LIMIT 1 [ RunTime:0.000249s ]
[2022-10-16T19:01:22+08:00][sql] SHOW FULL COLUMNS FROM `sxo_order` [ RunTime:0.001768s ]
[2022-10-16T19:01:22+08:00][sql] SELECT COUNT(DISTINCT id) AS count, status FROM `sxo_order` WHERE  `is_delete_time` = 0  AND `user_is_delete_time` = 0  AND `user_id` = 410 GROUP BY `status` [ RunTime:0.000592s ]
[2022-10-16T19:01:22+08:00][sql] SELECT COUNT(*) AS think_count FROM `sxo_order` WHERE  `is_delete_time` = 0  AND `user_is_delete_time` = 0  AND `user_id` = 410  AND `user_is_comments` = 0  AND `status` = 4 LIMIT 1 [ RunTime:0.000343s ]
[2022-10-16T19:01:22+08:00][sql] SHOW FULL COLUMNS FROM `sxo_article_category` [ RunTime:0.001395s ]
[2022-10-16T19:01:22+08:00][sql] SELECT `name`,`id` FROM `sxo_article_category` WHERE  `id` IN (24,26,27,25) [ RunTime:0.000582s ]
[2022-10-16T19:01:22+08:00][sql] SHOW FULL COLUMNS FROM `sxo_goods` [ RunTime:0.001818s ]
[2022-10-16T19:01:22+08:00][sql] SELECT * FROM `sxo_goods` WHERE  `id` IN (65,64,63,62,61,60,59,58,106,105,104,103,102,101,100,99,122,121,120,119,118,117,114,113,128,127,126,125,124,123)  AND `is_shelves` = 1 ORDER BY `id` DESC [ RunTime:0.001223s ]
[2022-10-16T19:01:22+08:00][sql] SHOW FULL COLUMNS FROM `sxo_link` [ RunTime:0.001575s ]
[2022-10-16T19:01:22+08:00][sql] SELECT * FROM `sxo_link` WHERE  `is_enable` = 1 ORDER BY `sort` ASC,`id` DESC [ RunTime:0.000437s ]
[2022-10-16T19:01:23+08:00][sql] CONNECT:[ UseTime:0.000753s ] mysql:host=127.0.0.1;port=3306;dbname=tianjinyuxi;charset=utf8mb4
[2022-10-16T19:01:23+08:00][sql] SHOW FULL COLUMNS FROM `sxo_cart` [ RunTime:0.001584s ]
[2022-10-16T19:01:23+08:00][sql] SELECT COUNT(*) AS think_count FROM `sxo_cart` WHERE  `user_id` = 410 LIMIT 1 [ RunTime:0.000469s ]
[2022-10-16T19:01:23+08:00][sql] SHOW FULL COLUMNS FROM `sxo_message` [ RunTime:0.001165s ]
[2022-10-16T19:01:23+08:00][sql] SELECT COUNT(*) AS think_count FROM `sxo_message` WHERE  `is_delete_time` = 0  AND `user_id` = 410  AND `is_read` = 0 LIMIT 1 [ RunTime:0.000405s ]
[2022-10-16T19:01:23+08:00][sql] SELECT COUNT(*) AS think_count FROM `sxo_cart` WHERE  `user_id` = 410 LIMIT 1 [ RunTime:0.000333s ]
[2022-10-16T19:03:06+08:00][sql] CONNECT:[ UseTime:0.000895s ] mysql:host=127.0.0.1;port=3306;dbname=tianjinyuxi;charset=utf8mb4
[2022-10-16T19:03:06+08:00][sql] SHOW FULL COLUMNS FROM `sxo_cart` [ RunTime:0.001682s ]
[2022-10-16T19:03:06+08:00][sql] SELECT COUNT(*) AS think_count FROM `sxo_cart` WHERE  `user_id` = 410 LIMIT 1 [ RunTime:0.000467s ]
[2022-10-16T19:03:06+08:00][sql] SHOW FULL COLUMNS FROM `sxo_message` [ RunTime:0.001218s ]
[2022-10-16T19:03:06+08:00][sql] SELECT COUNT(*) AS think_count FROM `sxo_message` WHERE  `is_delete_time` = 0  AND `user_id` = 410  AND `is_read` = 0 LIMIT 1 [ RunTime:0.000422s ]
[2022-10-16T19:03:06+08:00][sql] SELECT COUNT(*) AS think_count FROM `sxo_cart` WHERE  `user_id` = 410 LIMIT 1 [ RunTime:0.000255s ]
[2022-10-16T19:03:06+08:00][sql] SHOW FULL COLUMNS FROM `sxo_order` [ RunTime:0.001991s ]
[2022-10-16T19:03:06+08:00][sql] SELECT COUNT(DISTINCT id) AS count, status FROM `sxo_order` WHERE  `is_delete_time` = 0  AND `user_is_delete_time` = 0  AND `user_id` = 410 GROUP BY `status` [ RunTime:0.000573s ]
[2022-10-16T19:03:06+08:00][sql] SELECT COUNT(*) AS think_count FROM `sxo_order` WHERE  `is_delete_time` = 0  AND `user_is_delete_time` = 0  AND `user_id` = 410  AND `user_is_comments` = 0  AND `status` = 4 LIMIT 1 [ RunTime:0.000316s ]
[2022-10-16T19:03:06+08:00][sql] SHOW FULL COLUMNS FROM `sxo_article_category` [ RunTime:0.001230s ]
[2022-10-16T19:03:06+08:00][sql] SELECT `name`,`id` FROM `sxo_article_category` WHERE  `id` IN (24,26,27,25) [ RunTime:0.000384s ]
[2022-10-16T19:03:06+08:00][sql] SHOW FULL COLUMNS FROM `sxo_goods` [ RunTime:0.001913s ]
[2022-10-16T19:03:06+08:00][sql] SELECT * FROM `sxo_goods` WHERE  `id` IN (65,64,63,62,61,60,59,58,106,105,104,103,102,101,100,99,122,121,120,119,118,117,114,113,128,127,126,125,124,123)  AND `is_shelves` = 1 ORDER BY `id` DESC [ RunTime:0.001174s ]
[2022-10-16T19:03:06+08:00][sql] SHOW FULL COLUMNS FROM `sxo_link` [ RunTime:0.001457s ]
[2022-10-16T19:03:06+08:00][sql] SELECT * FROM `sxo_link` WHERE  `is_enable` = 1 ORDER BY `sort` ASC,`id` DESC [ RunTime:0.000395s ]
[2022-10-16T19:03:06+08:00][sql] CONNECT:[ UseTime:0.000797s ] mysql:host=127.0.0.1;port=3306;dbname=tianjinyuxi;charset=utf8mb4
[2022-10-16T19:03:06+08:00][sql] SHOW FULL COLUMNS FROM `sxo_cart` [ RunTime:0.001607s ]
[2022-10-16T19:03:06+08:00][sql] SELECT COUNT(*) AS think_count FROM `sxo_cart` WHERE  `user_id` = 410 LIMIT 1 [ RunTime:0.000483s ]
[2022-10-16T19:03:06+08:00][sql] SHOW FULL COLUMNS FROM `sxo_message` [ RunTime:0.001272s ]
[2022-10-16T19:03:06+08:00][sql] SELECT COUNT(*) AS think_count FROM `sxo_message` WHERE  `is_delete_time` = 0  AND `user_id` = 410  AND `is_read` = 0 LIMIT 1 [ RunTime:0.000375s ]
[2022-10-16T19:03:06+08:00][sql] SELECT COUNT(*) AS think_count FROM `sxo_cart` WHERE  `user_id` = 410 LIMIT 1 [ RunTime:0.000250s ]
[2022-10-16T19:03:06+08:00][sql] SHOW FULL COLUMNS FROM `sxo_order` [ RunTime:0.001628s ]
[2022-10-16T19:03:06+08:00][sql] SELECT COUNT(DISTINCT id) AS count, status FROM `sxo_order` WHERE  `is_delete_time` = 0  AND `user_is_delete_time` = 0  AND `user_id` = 410 GROUP BY `status` [ RunTime:0.000492s ]
[2022-10-16T19:03:06+08:00][sql] SELECT COUNT(*) AS think_count FROM `sxo_order` WHERE  `is_delete_time` = 0  AND `user_is_delete_time` = 0  AND `user_id` = 410  AND `user_is_comments` = 0  AND `status` = 4 LIMIT 1 [ RunTime:0.000278s ]
[2022-10-16T19:03:06+08:00][sql] SHOW FULL COLUMNS FROM `sxo_article_category` [ RunTime:0.001053s ]
[2022-10-16T19:03:06+08:00][sql] SELECT `name`,`id` FROM `sxo_article_category` WHERE  `id` IN (24,26,27,25) [ RunTime:0.000338s ]
[2022-10-16T19:03:06+08:00][sql] SHOW FULL COLUMNS FROM `sxo_goods` [ RunTime:0.001557s ]
[2022-10-16T19:03:06+08:00][sql] SELECT * FROM `sxo_goods` WHERE  `id` IN (65,64,63,62,61,60,59,58,106,105,104,103,102,101,100,99,122,121,120,119,118,117,114,113,128,127,126,125,124,123)  AND `is_shelves` = 1 ORDER BY `id` DESC [ RunTime:0.001009s ]
[2022-10-16T19:03:06+08:00][sql] SHOW FULL COLUMNS FROM `sxo_link` [ RunTime:0.003137s ]
[2022-10-16T19:03:06+08:00][sql] SELECT * FROM `sxo_link` WHERE  `is_enable` = 1 ORDER BY `sort` ASC,`id` DESC [ RunTime:0.000469s ]
[2022-10-16T19:03:09+08:00][sql] CONNECT:[ UseTime:0.000868s ] mysql:host=127.0.0.1;port=3306;dbname=tianjinyuxi;charset=utf8mb4
[2022-10-16T19:03:09+08:00][sql] SHOW FULL COLUMNS FROM `sxo_cart` [ RunTime:0.001607s ]
[2022-10-16T19:03:09+08:00][sql] SELECT COUNT(*) AS think_count FROM `sxo_cart` WHERE  `user_id` = 410 LIMIT 1 [ RunTime:0.000452s ]
[2022-10-16T19:03:09+08:00][sql] SHOW FULL COLUMNS FROM `sxo_message` [ RunTime:0.001112s ]
[2022-10-16T19:03:09+08:00][sql] SELECT COUNT(*) AS think_count FROM `sxo_message` WHERE  `is_delete_time` = 0  AND `user_id` = 410  AND `is_read` = 0 LIMIT 1 [ RunTime:0.000429s ]
[2022-10-16T19:03:09+08:00][sql] SELECT COUNT(*) AS think_count FROM `sxo_cart` WHERE  `user_id` = 410 LIMIT 1 [ RunTime:0.000255s ]
[2022-10-16T19:06:19+08:00][sql] CONNECT:[ UseTime:0.000870s ] mysql:host=127.0.0.1;port=3306;dbname=tianjinyuxi;charset=utf8mb4
[2022-10-16T19:06:19+08:00][sql] SHOW FULL COLUMNS FROM `sxo_navigation` [ RunTime:0.002459s ]
[2022-10-16T19:06:19+08:00][sql] SELECT `id`,`pid`,`name`,`url`,`value`,`data_type`,`is_new_window_open` FROM `sxo_navigation` WHERE  `nav_type` = 'header'  AND `is_show` = 1  AND `pid` = 0 ORDER BY `sort` ASC,`id` ASC [ RunTime:0.000871s ]
[2022-10-16T19:06:19+08:00][sql] SELECT `id`,`pid`,`name`,`url`,`value`,`data_type`,`is_new_window_open` FROM `sxo_navigation` WHERE  `nav_type` = 'header'  AND `is_show` = 1  AND `pid` IN (56,57,58,59,61) ORDER BY `sort` ASC,`id` ASC [ RunTime:0.000476s ]
[2022-10-16T19:06:19+08:00][sql] SELECT `id`,`pid`,`name`,`url`,`value`,`data_type`,`is_new_window_open` FROM `sxo_navigation` WHERE  `nav_type` = 'footer'  AND `is_show` = 1  AND `pid` = 0 ORDER BY `sort` ASC,`id` ASC [ RunTime:0.000528s ]
[2022-10-16T19:06:19+08:00][sql] SELECT `id`,`pid`,`name`,`url`,`value`,`data_type`,`is_new_window_open` FROM `sxo_navigation` WHERE  `nav_type` = 'footer'  AND `is_show` = 1  AND `pid` IN (34,35,36,37,55) ORDER BY `sort` ASC,`id` ASC [ RunTime:0.000546s ]
[2022-10-16T19:06:19+08:00][sql] SHOW FULL COLUMNS FROM `sxo_quick_nav` [ RunTime:0.001887s ]
[2022-10-16T19:06:19+08:00][sql] SELECT `id`,`name`,`images_url`,`event_value`,`event_type`,`bg_color` FROM `sxo_quick_nav` WHERE  `platform` = 'pc'  AND `is_enable` = 1 ORDER BY `sort` ASC,`id` ASC [ RunTime:0.000731s ]
[2022-10-16T19:06:19+08:00][sql] SHOW FULL COLUMNS FROM `sxo_goods_category` [ RunTime:0.001981s ]
[2022-10-16T19:06:19+08:00][sql] SELECT `id`,`pid`,`icon`,`name`,`vice_name`,`describe`,`bg_color`,`big_images`,`sort`,`is_home_recommended`,`seo_title`,`seo_keywords`,`seo_desc` FROM `sxo_goods_category` WHERE  `pid` = 0  AND `is_enable` = 1  AND `is_enable` = 1 ORDER BY `sort` ASC [ RunTime:0.000729s ]
[2022-10-16T19:06:19+08:00][sql] SELECT `id`,`pid`,`icon`,`name`,`vice_name`,`describe`,`bg_color`,`big_images`,`sort`,`is_home_recommended`,`seo_title`,`seo_keywords`,`seo_desc` FROM `sxo_goods_category` WHERE  `is_enable` = 1  AND `pid` = 922  AND `is_enable` = 1 ORDER BY `sort` ASC [ RunTime:0.000386s ]
[2022-10-16T19:06:19+08:00][sql] SELECT `id`,`pid`,`icon`,`name`,`vice_name`,`describe`,`bg_color`,`big_images`,`sort`,`is_home_recommended`,`seo_title`,`seo_keywords`,`seo_desc` FROM `sxo_goods_category` WHERE  `is_enable` = 1  AND `pid` IN (926,928)  AND `is_enable` = 1 ORDER BY `sort` ASC [ RunTime:0.000379s ]
[2022-10-16T19:06:19+08:00][sql] SELECT `id`,`pid`,`icon`,`name`,`vice_name`,`describe`,`bg_color`,`big_images`,`sort`,`is_home_recommended`,`seo_title`,`seo_keywords`,`seo_desc` FROM `sxo_goods_category` WHERE  `is_enable` = 1  AND `pid` = 923  AND `is_enable` = 1 ORDER BY `sort` ASC [ RunTime:0.000411s ]
[2022-10-16T19:06:19+08:00][sql] SELECT `id`,`pid`,`icon`,`name`,`vice_name`,`describe`,`bg_color`,`big_images`,`sort`,`is_home_recommended`,`seo_title`,`seo_keywords`,`seo_desc` FROM `sxo_goods_category` WHERE  `is_enable` = 1  AND `pid` IN (929,930,931)  AND `is_enable` = 1 ORDER BY `sort` ASC [ RunTime:0.000476s ]
[2022-10-16T19:06:19+08:00][sql] SELECT `id`,`pid`,`icon`,`name`,`vice_name`,`describe`,`bg_color`,`big_images`,`sort`,`is_home_recommended`,`seo_title`,`seo_keywords`,`seo_desc` FROM `sxo_goods_category` WHERE  `is_enable` = 1  AND `pid` = 924  AND `is_enable` = 1 ORDER BY `sort` ASC [ RunTime:0.000382s ]
[2022-10-16T19:06:19+08:00][sql] SELECT `id`,`pid`,`icon`,`name`,`vice_name`,`describe`,`bg_color`,`big_images`,`sort`,`is_home_recommended`,`seo_title`,`seo_keywords`,`seo_desc` FROM `sxo_goods_category` WHERE  `is_enable` = 1  AND `pid` IN (932,933)  AND `is_enable` = 1 ORDER BY `sort` ASC [ RunTime:0.000361s ]
[2022-10-16T19:06:19+08:00][sql] SELECT `id`,`pid`,`icon`,`name`,`vice_name`,`describe`,`bg_color`,`big_images`,`sort`,`is_home_recommended`,`seo_title`,`seo_keywords`,`seo_desc` FROM `sxo_goods_category` WHERE  `is_enable` = 1  AND `pid` = 925  AND `is_enable` = 1 ORDER BY `sort` ASC [ RunTime:0.000422s ]
[2022-10-16T19:06:19+08:00][sql] SELECT `id`,`pid`,`icon`,`name`,`vice_name`,`describe`,`bg_color`,`big_images`,`sort`,`is_home_recommended`,`seo_title`,`seo_keywords`,`seo_desc` FROM `sxo_goods_category` WHERE  `is_enable` = 1  AND `pid` IN (934,935)  AND `is_enable` = 1 ORDER BY `sort` ASC [ RunTime:0.000381s ]
[2022-10-16T19:06:19+08:00][sql] SHOW FULL COLUMNS FROM `sxo_slide` [ RunTime:0.001899s ]
[2022-10-16T19:06:19+08:00][sql] SELECT `name`,`images_url`,`event_value`,`event_type`,`bg_color` FROM `sxo_slide` WHERE  `platform` = 'pc'  AND `is_enable` = 1 ORDER BY `sort` ASC,`id` ASC [ RunTime:0.000706s ]
[2022-10-16T19:06:19+08:00][sql] SHOW FULL COLUMNS FROM `sxo_app_home_nav` [ RunTime:0.001688s ]
[2022-10-16T19:06:19+08:00][sql] SELECT `id`,`name`,`images_url`,`event_value`,`event_type`,`bg_color`,`is_need_login` FROM `sxo_app_home_nav` WHERE  `platform` = 'pc'  AND `is_enable` = 1 ORDER BY `sort` ASC,`id` ASC [ RunTime:0.000728s ]
[2022-10-16T19:06:19+08:00][sql] SHOW FULL COLUMNS FROM `sxo_article` [ RunTime:0.001748s ]
[2022-10-16T19:06:19+08:00][sql] SELECT `id`,`title`,`title_color`,`article_category_id` FROM `sxo_article` WHERE  `is_enable` = 1  AND `is_home_recommended` = 1 ORDER BY `id` DESC LIMIT 0,9 [ RunTime:0.000655s ]
[2022-10-16T19:06:19+08:00][sql] SHOW FULL COLUMNS FROM `sxo_article_category` [ RunTime:0.001482s ]
[2022-10-16T19:06:19+08:00][sql] SELECT `name`,`id` FROM `sxo_article_category` WHERE  `id` IN (24,26,27,25) [ RunTime:0.000573s ]
[2022-10-16T19:06:19+08:00][sql] SELECT `id`,`pid`,`icon`,`name`,`vice_name`,`describe`,`bg_color`,`big_images`,`sort`,`is_home_recommended`,`seo_title`,`seo_keywords`,`seo_desc` FROM `sxo_goods_category` WHERE  `pid` = 0  AND `is_home_recommended` = 1  AND `is_enable` = 1  AND `is_enable` = 1 ORDER BY `sort` ASC [ RunTime:0.000455s ]
[2022-10-16T19:06:19+08:00][sql] SELECT `id` FROM `sxo_goods_category` WHERE  `pid` = 922  AND `is_enable` = 1 [ RunTime:0.000305s ]
[2022-10-16T19:06:19+08:00][sql] SELECT `id` FROM `sxo_goods_category` WHERE  `pid` IN (926,928)  AND `is_enable` = 1 [ RunTime:0.000296s ]
[2022-10-16T19:06:19+08:00][sql] SHOW FULL COLUMNS FROM `sxo_goods` [ RunTime:0.002512s ]
[2022-10-16T19:06:19+08:00][sql] SELECT `g`.`id` FROM `sxo_goods` `g` INNER JOIN `sxo_goods_category_join` `gci` ON `g`.`id`=`gci`.`goods_id` WHERE  `gci`.`category_id` IN ('922','926','928')  AND `g`.`is_shelves` = '1'  AND `g`.`is_delete_time` = '0' GROUP BY `g`.`id` ORDER BY `g`.`id` DESC LIMIT 0,8 [ RunTime:0.000985s ]
[2022-10-16T19:06:19+08:00][sql] SELECT `id` FROM `sxo_goods_category` WHERE  `pid` = 923  AND `is_enable` = 1 [ RunTime:0.000314s ]
[2022-10-16T19:06:19+08:00][sql] SELECT `id` FROM `sxo_goods_category` WHERE  `pid` IN (929,930,931)  AND `is_enable` = 1 [ RunTime:0.000357s ]
[2022-10-16T19:06:19+08:00][sql] SELECT `g`.`id` FROM `sxo_goods` `g` INNER JOIN `sxo_goods_category_join` `gci` ON `g`.`id`=`gci`.`goods_id` WHERE  `gci`.`category_id` IN ('923','929','930','931')  AND `g`.`is_shelves` = '1'  AND `g`.`is_delete_time` = '0' GROUP BY `g`.`id` ORDER BY `g`.`id` DESC LIMIT 0,8 [ RunTime:0.000744s ]
[2022-10-16T19:06:19+08:00][sql] SELECT `id` FROM `sxo_goods_category` WHERE  `pid` = 924  AND `is_enable` = 1 [ RunTime:0.000307s ]
[2022-10-16T19:06:19+08:00][sql] SELECT `id` FROM `sxo_goods_category` WHERE  `pid` IN (932,933)  AND `is_enable` = 1 [ RunTime:0.000300s ]
[2022-10-16T19:06:19+08:00][sql] SELECT `g`.`id` FROM `sxo_goods` `g` INNER JOIN `sxo_goods_category_join` `gci` ON `g`.`id`=`gci`.`goods_id` WHERE  `gci`.`category_id` IN ('924','932','933')  AND `g`.`is_shelves` = '1'  AND `g`.`is_delete_time` = '0' GROUP BY `g`.`id` ORDER BY `g`.`id` DESC LIMIT 0,8 [ RunTime:0.000618s ]
[2022-10-16T19:06:19+08:00][sql] SELECT `id` FROM `sxo_goods_category` WHERE  `pid` = 925  AND `is_enable` = 1 [ RunTime:0.000322s ]
[2022-10-16T19:06:19+08:00][sql] SELECT `id` FROM `sxo_goods_category` WHERE  `pid` IN (934,935)  AND `is_enable` = 1 [ RunTime:0.000336s ]
[2022-10-16T19:06:19+08:00][sql] SELECT `g`.`id` FROM `sxo_goods` `g` INNER JOIN `sxo_goods_category_join` `gci` ON `g`.`id`=`gci`.`goods_id` WHERE  `gci`.`category_id` IN ('925','934','935')  AND `g`.`is_shelves` = '1'  AND `g`.`is_delete_time` = '0' GROUP BY `g`.`id` ORDER BY `g`.`id` DESC LIMIT 0,8 [ RunTime:0.000468s ]
[2022-10-16T19:06:19+08:00][sql] SELECT * FROM `sxo_goods` WHERE  `id` IN (65,64,63,62,61,60,59,58,106,105,104,103,102,101,100,99,122,121,120,119,118,117,114,113,128,127,126,125,124,123)  AND `is_shelves` = 1 ORDER BY `id` DESC [ RunTime:0.000976s ]
[2022-10-16T22:50:09+08:00][sql] CONNECT:[ UseTime:0.000751s ] mysql:host=127.0.0.1;port=3306;dbname=tianjinyuxi;charset=utf8mb4
[2022-10-16T22:50:09+08:00][sql] SHOW FULL COLUMNS FROM `sxo_navigation` [ RunTime:0.001646s ]
[2022-10-16T22:50:09+08:00][sql] SELECT `id`,`pid`,`name`,`url`,`value`,`data_type`,`is_new_window_open` FROM `sxo_navigation` WHERE  `nav_type` = 'header'  AND `is_show` = 1  AND `pid` = 0 ORDER BY `sort` ASC,`id` ASC [ RunTime:0.000756s ]
[2022-10-16T22:50:09+08:00][sql] SELECT `id`,`pid`,`name`,`url`,`value`,`data_type`,`is_new_window_open` FROM `sxo_navigation` WHERE  `nav_type` = 'header'  AND `is_show` = 1  AND `pid` IN (56,57,58,59,61) ORDER BY `sort` ASC,`id` ASC [ RunTime:0.000415s ]
[2022-10-16T22:50:09+08:00][sql] SELECT `id`,`pid`,`name`,`url`,`value`,`data_type`,`is_new_window_open` FROM `sxo_navigation` WHERE  `nav_type` = 'footer'  AND `is_show` = 1  AND `pid` = 0 ORDER BY `sort` ASC,`id` ASC [ RunTime:0.000385s ]
[2022-10-16T22:50:09+08:00][sql] SELECT `id`,`pid`,`name`,`url`,`value`,`data_type`,`is_new_window_open` FROM `sxo_navigation` WHERE  `nav_type` = 'footer'  AND `is_show` = 1  AND `pid` IN (34,35,36,37,55) ORDER BY `sort` ASC,`id` ASC [ RunTime:0.000406s ]
[2022-10-16T22:50:09+08:00][sql] SHOW FULL COLUMNS FROM `sxo_quick_nav` [ RunTime:0.001497s ]
[2022-10-16T22:50:09+08:00][sql] SELECT `id`,`name`,`images_url`,`event_value`,`event_type`,`bg_color` FROM `sxo_quick_nav` WHERE  `platform` = 'pc'  AND `is_enable` = 1 ORDER BY `sort` ASC,`id` ASC [ RunTime:0.000624s ]
[2022-10-16T22:50:09+08:00][sql] SHOW FULL COLUMNS FROM `sxo_goods_category` [ RunTime:0.001372s ]
[2022-10-16T22:50:09+08:00][sql] SELECT `id`,`pid`,`icon`,`name`,`vice_name`,`describe`,`bg_color`,`big_images`,`sort`,`is_home_recommended`,`seo_title`,`seo_keywords`,`seo_desc` FROM `sxo_goods_category` WHERE  `pid` = 0  AND `is_enable` = 1  AND `is_enable` = 1 ORDER BY `sort` ASC [ RunTime:0.000571s ]
[2022-10-16T22:50:09+08:00][sql] SELECT `id`,`pid`,`icon`,`name`,`vice_name`,`describe`,`bg_color`,`big_images`,`sort`,`is_home_recommended`,`seo_title`,`seo_keywords`,`seo_desc` FROM `sxo_goods_category` WHERE  `is_enable` = 1  AND `pid` = 922  AND `is_enable` = 1 ORDER BY `sort` ASC [ RunTime:0.000367s ]
[2022-10-16T22:50:09+08:00][sql] SELECT `id`,`pid`,`icon`,`name`,`vice_name`,`describe`,`bg_color`,`big_images`,`sort`,`is_home_recommended`,`seo_title`,`seo_keywords`,`seo_desc` FROM `sxo_goods_category` WHERE  `is_enable` = 1  AND `pid` IN (926,928)  AND `is_enable` = 1 ORDER BY `sort` ASC [ RunTime:0.000399s ]
[2022-10-16T22:50:09+08:00][sql] SELECT `id`,`pid`,`icon`,`name`,`vice_name`,`describe`,`bg_color`,`big_images`,`sort`,`is_home_recommended`,`seo_title`,`seo_keywords`,`seo_desc` FROM `sxo_goods_category` WHERE  `is_enable` = 1  AND `pid` = 923  AND `is_enable` = 1 ORDER BY `sort` ASC [ RunTime:0.000425s ]
[2022-10-16T22:50:09+08:00][sql] SELECT `id`,`pid`,`icon`,`name`,`vice_name`,`describe`,`bg_color`,`big_images`,`sort`,`is_home_recommended`,`seo_title`,`seo_keywords`,`seo_desc` FROM `sxo_goods_category` WHERE  `is_enable` = 1  AND `pid` IN (929,930,931)  AND `is_enable` = 1 ORDER BY `sort` ASC [ RunTime:0.000407s ]
[2022-10-16T22:50:09+08:00][sql] SELECT `id`,`pid`,`icon`,`name`,`vice_name`,`describe`,`bg_color`,`big_images`,`sort`,`is_home_recommended`,`seo_title`,`seo_keywords`,`seo_desc` FROM `sxo_goods_category` WHERE  `is_enable` = 1  AND `pid` = 924  AND `is_enable` = 1 ORDER BY `sort` ASC [ RunTime:0.000304s ]
[2022-10-16T22:50:09+08:00][sql] SELECT `id`,`pid`,`icon`,`name`,`vice_name`,`describe`,`bg_color`,`big_images`,`sort`,`is_home_recommended`,`seo_title`,`seo_keywords`,`seo_desc` FROM `sxo_goods_category` WHERE  `is_enable` = 1  AND `pid` IN (932,933)  AND `is_enable` = 1 ORDER BY `sort` ASC [ RunTime:0.000316s ]
[2022-10-16T22:50:09+08:00][sql] SELECT `id`,`pid`,`icon`,`name`,`vice_name`,`describe`,`bg_color`,`big_images`,`sort`,`is_home_recommended`,`seo_title`,`seo_keywords`,`seo_desc` FROM `sxo_goods_category` WHERE  `is_enable` = 1  AND `pid` = 925  AND `is_enable` = 1 ORDER BY `sort` ASC [ RunTime:0.000367s ]
[2022-10-16T22:50:09+08:00][sql] SELECT `id`,`pid`,`icon`,`name`,`vice_name`,`describe`,`bg_color`,`big_images`,`sort`,`is_home_recommended`,`seo_title`,`seo_keywords`,`seo_desc` FROM `sxo_goods_category` WHERE  `is_enable` = 1  AND `pid` IN (934,935)  AND `is_enable` = 1 ORDER BY `sort` ASC [ RunTime:0.000322s ]
[2022-10-16T22:50:09+08:00][sql] SHOW FULL COLUMNS FROM `sxo_slide` [ RunTime:0.001421s ]
[2022-10-16T22:50:09+08:00][sql] SELECT `name`,`images_url`,`event_value`,`event_type`,`bg_color` FROM `sxo_slide` WHERE  `platform` = 'pc'  AND `is_enable` = 1 ORDER BY `sort` ASC,`id` ASC [ RunTime:0.000654s ]
[2022-10-16T22:50:09+08:00][sql] SHOW FULL COLUMNS FROM `sxo_app_home_nav` [ RunTime:0.001161s ]
[2022-10-16T22:50:09+08:00][sql] SELECT `id`,`name`,`images_url`,`event_value`,`event_type`,`bg_color`,`is_need_login` FROM `sxo_app_home_nav` WHERE  `platform` = 'pc'  AND `is_enable` = 1 ORDER BY `sort` ASC,`id` ASC [ RunTime:0.000607s ]
[2022-10-16T22:50:09+08:00][sql] SHOW FULL COLUMNS FROM `sxo_article` [ RunTime:0.001291s ]
[2022-10-16T22:50:09+08:00][sql] SELECT `id`,`title`,`title_color`,`article_category_id` FROM `sxo_article` WHERE  `is_enable` = 1  AND `is_home_recommended` = 1 ORDER BY `id` DESC LIMIT 0,9 [ RunTime:0.000558s ]
[2022-10-16T22:50:09+08:00][sql] SHOW FULL COLUMNS FROM `sxo_article_category` [ RunTime:0.001063s ]
[2022-10-16T22:50:09+08:00][sql] SELECT `name`,`id` FROM `sxo_article_category` WHERE  `id` IN (24,26,27,25) [ RunTime:0.000400s ]
[2022-10-16T22:50:09+08:00][sql] SELECT `id`,`pid`,`icon`,`name`,`vice_name`,`describe`,`bg_color`,`big_images`,`sort`,`is_home_recommended`,`seo_title`,`seo_keywords`,`seo_desc` FROM `sxo_goods_category` WHERE  `pid` = 0  AND `is_home_recommended` = 1  AND `is_enable` = 1  AND `is_enable` = 1 ORDER BY `sort` ASC [ RunTime:0.000374s ]
[2022-10-16T22:50:09+08:00][sql] SELECT `id` FROM `sxo_goods_category` WHERE  `pid` = 922  AND `is_enable` = 1 [ RunTime:0.000314s ]
[2022-10-16T22:50:09+08:00][sql] SELECT `id` FROM `sxo_goods_category` WHERE  `pid` IN (926,928)  AND `is_enable` = 1 [ RunTime:0.000387s ]
[2022-10-16T22:50:09+08:00][sql] SHOW FULL COLUMNS FROM `sxo_goods` [ RunTime:0.001557s ]
[2022-10-16T22:50:09+08:00][sql] SELECT `g`.`id` FROM `sxo_goods` `g` INNER JOIN `sxo_goods_category_join` `gci` ON `g`.`id`=`gci`.`goods_id` WHERE  `gci`.`category_id` IN ('922','926','928')  AND `g`.`is_shelves` = '1'  AND `g`.`is_delete_time` = '0' GROUP BY `g`.`id` ORDER BY `g`.`id` DESC LIMIT 0,8 [ RunTime:0.001082s ]
[2022-10-16T22:50:09+08:00][sql] SELECT `id` FROM `sxo_goods_category` WHERE  `pid` = 923  AND `is_enable` = 1 [ RunTime:0.000274s ]
[2022-10-16T22:50:09+08:00][sql] SELECT `id` FROM `sxo_goods_category` WHERE  `pid` IN (929,930,931)  AND `is_enable` = 1 [ RunTime:0.000333s ]
[2022-10-16T22:50:09+08:00][sql] SELECT `g`.`id` FROM `sxo_goods` `g` INNER JOIN `sxo_goods_category_join` `gci` ON `g`.`id`=`gci`.`goods_id` WHERE  `gci`.`category_id` IN ('923','929','930','931')  AND `g`.`is_shelves` = '1'  AND `g`.`is_delete_time` = '0' GROUP BY `g`.`id` ORDER BY `g`.`id` DESC LIMIT 0,8 [ RunTime:0.000551s ]
[2022-10-16T22:50:09+08:00][sql] SELECT `id` FROM `sxo_goods_category` WHERE  `pid` = 924  AND `is_enable` = 1 [ RunTime:0.000281s ]
[2022-10-16T22:50:09+08:00][sql] SELECT `id` FROM `sxo_goods_category` WHERE  `pid` IN (932,933)  AND `is_enable` = 1 [ RunTime:0.000288s ]
[2022-10-16T22:50:09+08:00][sql] SELECT `g`.`id` FROM `sxo_goods` `g` INNER JOIN `sxo_goods_category_join` `gci` ON `g`.`id`=`gci`.`goods_id` WHERE  `gci`.`category_id` IN ('924','932','933')  AND `g`.`is_shelves` = '1'  AND `g`.`is_delete_time` = '0' GROUP BY `g`.`id` ORDER BY `g`.`id` DESC LIMIT 0,8 [ RunTime:0.000467s ]
[2022-10-16T22:50:09+08:00][sql] SELECT `id` FROM `sxo_goods_category` WHERE  `pid` = 925  AND `is_enable` = 1 [ RunTime:0.000292s ]
[2022-10-16T22:50:09+08:00][sql] SELECT `id` FROM `sxo_goods_category` WHERE  `pid` IN (934,935)  AND `is_enable` = 1 [ RunTime:0.000264s ]
[2022-10-16T22:50:09+08:00][sql] SELECT `g`.`id` FROM `sxo_goods` `g` INNER JOIN `sxo_goods_category_join` `gci` ON `g`.`id`=`gci`.`goods_id` WHERE  `gci`.`category_id` IN ('925','934','935')  AND `g`.`is_shelves` = '1'  AND `g`.`is_delete_time` = '0' GROUP BY `g`.`id` ORDER BY `g`.`id` DESC LIMIT 0,8 [ RunTime:0.000444s ]
[2022-10-16T22:50:09+08:00][sql] SELECT * FROM `sxo_goods` WHERE  `id` IN (65,64,63,62,61,60,59,58,106,105,104,103,102,101,100,99,122,121,120,119,118,117,114,113,128,127,126,125,124,123)  AND `is_shelves` = 1 ORDER BY `id` DESC [ RunTime:0.000953s ]
[2022-10-16T22:50:09+08:00][sql] CONNECT:[ UseTime:0.000821s ] mysql:host=127.0.0.1;port=3306;dbname=tianjinyuxi;charset=utf8mb4
[2022-10-16T22:50:09+08:00][sql] SHOW FULL COLUMNS FROM `sxo_article_category` [ RunTime:0.001625s ]
[2022-10-16T22:50:09+08:00][sql] SELECT `name`,`id` FROM `sxo_article_category` WHERE  `id` IN (24,26,27,25) [ RunTime:0.000402s ]
[2022-10-16T22:50:09+08:00][sql] SHOW FULL COLUMNS FROM `sxo_goods` [ RunTime:0.001762s ]
[2022-10-16T22:50:09+08:00][sql] SELECT * FROM `sxo_goods` WHERE  `id` IN (65,64,63,62,61,60,59,58,106,105,104,103,102,101,100,99,122,121,120,119,118,117,114,113,128,127,126,125,124,123)  AND `is_shelves` = 1 ORDER BY `id` DESC [ RunTime:0.001514s ]
[2022-10-16T22:50:36+08:00][sql] CONNECT:[ UseTime:0.000989s ] mysql:host=127.0.0.1;port=3306;dbname=tianjinyuxi;charset=utf8mb4
[2022-10-16T22:50:36+08:00][sql] SHOW FULL COLUMNS FROM `sxo_goods` [ RunTime:0.002884s ]
[2022-10-16T22:50:36+08:00][sql] SELECT * FROM `sxo_goods` WHERE  `id` = 64  AND `is_delete_time` = 0 ORDER BY `id` DESC LIMIT 0,10 [ RunTime:0.000660s ]
[2022-10-16T22:50:36+08:00][sql] SHOW FULL COLUMNS FROM `sxo_goods_photo` [ RunTime:0.001635s ]
[2022-10-16T22:50:36+08:00][sql] SELECT * FROM `sxo_goods_photo` WHERE  `goods_id` = 64  AND `is_show` = 1 ORDER BY `sort` ASC [ RunTime:0.000826s ]
[2022-10-16T22:50:36+08:00][sql] SHOW FULL COLUMNS FROM `sxo_goods_spec_type` [ RunTime:0.001091s ]
[2022-10-16T22:50:36+08:00][sql] SELECT * FROM `sxo_goods_spec_type` WHERE  `goods_id` = 64 ORDER BY `id` ASC [ RunTime:0.000486s ]
[2022-10-16T22:50:36+08:00][sql] SHOW FULL COLUMNS FROM `sxo_goods_params` [ RunTime:0.001057s ]
[2022-10-16T22:50:36+08:00][sql] SELECT * FROM `sxo_goods_params` WHERE  `goods_id` = 64 ORDER BY `id` ASC [ RunTime:0.000470s ]
[2022-10-16T22:50:36+08:00][sql] SHOW FULL COLUMNS FROM `sxo_goods_comments` [ RunTime:0.001366s ]
[2022-10-16T22:50:36+08:00][sql] SELECT COUNT(*) AS think_count FROM `sxo_goods_comments` WHERE  `goods_id` = 64  AND `is_show` = 1 LIMIT 1 [ RunTime:0.000489s ]
[2022-10-16T22:50:36+08:00][sql] SHOW FULL COLUMNS FROM `sxo_goods_favor` [ RunTime:0.001046s ]
[2022-10-16T22:50:36+08:00][sql] SELECT COUNT(*) AS think_count FROM `sxo_goods_favor` `f` INNER JOIN `sxo_goods` `g` ON `g`.`id`=`f`.`goods_id` WHERE  `goods_id` = 64 LIMIT 1 [ RunTime:0.000492s ]
[2022-10-16T22:50:36+08:00][sql] UPDATE `sxo_goods`  SET `access_count` = `access_count` + 1  WHERE  `id` = 64 [ RunTime:0.004930s ]
[2022-10-16T22:50:36+08:00][sql] SELECT count(*) as count,`rating` FROM `sxo_goods_comments` WHERE  `goods_id` = 64  AND `rating` > 0 GROUP BY `rating` [ RunTime:0.000575s ]
[2022-10-16T22:50:36+08:00][sql] SELECT AVG(`rating`) AS think_avg FROM `sxo_goods_comments` WHERE  `goods_id` = 64  AND `rating` > 0 LIMIT 1 [ RunTime:0.000299s ]
[2022-10-16T22:50:36+08:00][sql] SELECT `id`,`title`,`title_color`,`price`,`images` FROM `sxo_goods` WHERE  `is_shelves` = 1  AND `is_delete_time` = 0 ORDER BY `sales_count` DESC LIMIT 0,16 [ RunTime:0.000448s ]
[2022-10-16T22:50:36+08:00][sql] SELECT `id`,`title`,`title_color`,`price`,`images` FROM `sxo_goods` WHERE  `is_shelves` = 1  AND `is_delete_time` = 0 ORDER BY `access_count` DESC LIMIT 0,10 [ RunTime:0.000703s ]
[2022-10-16T22:50:36+08:00][sql] SHOW FULL COLUMNS FROM `sxo_goods_category_join` [ RunTime:0.001378s ]
[2022-10-16T22:50:36+08:00][sql] SELECT `category_id` FROM `sxo_goods_category_join` WHERE  `goods_id` = 64 [ RunTime:0.000396s ]
[2022-10-16T22:50:36+08:00][sql] SHOW FULL COLUMNS FROM `sxo_goods_category` [ RunTime:0.001495s ]
[2022-10-16T22:50:36+08:00][sql] SELECT `id`,`name` FROM `sxo_goods_category` WHERE  `id` = 928  AND `is_enable` = 1 [ RunTime:0.000398s ]
[2022-10-16T22:50:37+08:00][sql] CONNECT:[ UseTime:0.000888s ] mysql:host=127.0.0.1;port=3306;dbname=tianjinyuxi;charset=utf8mb4
[2022-10-16T22:50:37+08:00][sql] SHOW FULL COLUMNS FROM `sxo_goods_comments` [ RunTime:0.001789s ]
[2022-10-16T22:50:37+08:00][sql] SELECT COUNT(*) AS think_count FROM `sxo_goods_comments` WHERE  `goods_id` = 64  AND `is_show` = 1 LIMIT 1 [ RunTime:0.000475s ]
[2022-10-16T22:50:37+08:00][sql] SELECT * FROM `sxo_goods_comments` WHERE  `goods_id` = 64  AND `is_show` = 1 ORDER BY `id` DESC LIMIT 0,10 [ RunTime:0.000393s ]
[2022-10-16T23:07:26+08:00][sql] CONNECT:[ UseTime:0.000923s ] mysql:host=127.0.0.1;port=3306;dbname=tianjinyuxi;charset=utf8mb4
[2022-10-16T23:07:26+08:00][sql] SHOW FULL COLUMNS FROM `sxo_navigation` [ RunTime:0.001912s ]
[2022-10-16T23:07:26+08:00][sql] SELECT `id`,`pid`,`name`,`url`,`value`,`data_type`,`is_new_window_open` FROM `sxo_navigation` WHERE  `nav_type` = 'header'  AND `is_show` = 1  AND `pid` = 0 ORDER BY `sort` ASC,`id` ASC [ RunTime:0.000704s ]
[2022-10-16T23:07:26+08:00][sql] SELECT `id`,`pid`,`name`,`url`,`value`,`data_type`,`is_new_window_open` FROM `sxo_navigation` WHERE  `nav_type` = 'header'  AND `is_show` = 1  AND `pid` IN (56,57,58,59,61) ORDER BY `sort` ASC,`id` ASC [ RunTime:0.000375s ]
[2022-10-16T23:07:26+08:00][sql] SELECT `id`,`pid`,`name`,`url`,`value`,`data_type`,`is_new_window_open` FROM `sxo_navigation` WHERE  `nav_type` = 'footer'  AND `is_show` = 1  AND `pid` = 0 ORDER BY `sort` ASC,`id` ASC [ RunTime:0.000395s ]
[2022-10-16T23:07:26+08:00][sql] SELECT `id`,`pid`,`name`,`url`,`value`,`data_type`,`is_new_window_open` FROM `sxo_navigation` WHERE  `nav_type` = 'footer'  AND `is_show` = 1  AND `pid` IN (34,35,36,37,55) ORDER BY `sort` ASC,`id` ASC [ RunTime:0.000470s ]
[2022-10-16T23:07:26+08:00][sql] SHOW FULL COLUMNS FROM `sxo_quick_nav` [ RunTime:0.001311s ]
[2022-10-16T23:07:26+08:00][sql] SELECT `id`,`name`,`images_url`,`event_value`,`event_type`,`bg_color` FROM `sxo_quick_nav` WHERE  `platform` = 'pc'  AND `is_enable` = 1 ORDER BY `sort` ASC,`id` ASC [ RunTime:0.000582s ]
[2022-10-16T23:07:26+08:00][sql] SHOW FULL COLUMNS FROM `sxo_goods_category` [ RunTime:0.001395s ]
[2022-10-16T23:07:26+08:00][sql] SELECT `id`,`pid`,`icon`,`name`,`vice_name`,`describe`,`bg_color`,`big_images`,`sort`,`is_home_recommended`,`seo_title`,`seo_keywords`,`seo_desc` FROM `sxo_goods_category` WHERE  `pid` = 0  AND `is_enable` = 1  AND `is_enable` = 1 ORDER BY `sort` ASC [ RunTime:0.000598s ]
[2022-10-16T23:07:26+08:00][sql] SELECT `id`,`pid`,`icon`,`name`,`vice_name`,`describe`,`bg_color`,`big_images`,`sort`,`is_home_recommended`,`seo_title`,`seo_keywords`,`seo_desc` FROM `sxo_goods_category` WHERE  `is_enable` = 1  AND `pid` = 922  AND `is_enable` = 1 ORDER BY `sort` ASC [ RunTime:0.000353s ]
[2022-10-16T23:07:26+08:00][sql] SELECT `id`,`pid`,`icon`,`name`,`vice_name`,`describe`,`bg_color`,`big_images`,`sort`,`is_home_recommended`,`seo_title`,`seo_keywords`,`seo_desc` FROM `sxo_goods_category` WHERE  `is_enable` = 1  AND `pid` IN (926,928)  AND `is_enable` = 1 ORDER BY `sort` ASC [ RunTime:0.000315s ]
[2022-10-16T23:07:26+08:00][sql] SELECT `id`,`pid`,`icon`,`name`,`vice_name`,`describe`,`bg_color`,`big_images`,`sort`,`is_home_recommended`,`seo_title`,`seo_keywords`,`seo_desc` FROM `sxo_goods_category` WHERE  `is_enable` = 1  AND `pid` = 923  AND `is_enable` = 1 ORDER BY `sort` ASC [ RunTime:0.000326s ]
[2022-10-16T23:07:26+08:00][sql] SELECT `id`,`pid`,`icon`,`name`,`vice_name`,`describe`,`bg_color`,`big_images`,`sort`,`is_home_recommended`,`seo_title`,`seo_keywords`,`seo_desc` FROM `sxo_goods_category` WHERE  `is_enable` = 1  AND `pid` IN (929,930,931)  AND `is_enable` = 1 ORDER BY `sort` ASC [ RunTime:0.000409s ]
[2022-10-16T23:07:26+08:00][sql] SELECT `id`,`pid`,`icon`,`name`,`vice_name`,`describe`,`bg_color`,`big_images`,`sort`,`is_home_recommended`,`seo_title`,`seo_keywords`,`seo_desc` FROM `sxo_goods_category` WHERE  `is_enable` = 1  AND `pid` = 924  AND `is_enable` = 1 ORDER BY `sort` ASC [ RunTime:0.000358s ]
[2022-10-16T23:07:26+08:00][sql] SELECT `id`,`pid`,`icon`,`name`,`vice_name`,`describe`,`bg_color`,`big_images`,`sort`,`is_home_recommended`,`seo_title`,`seo_keywords`,`seo_desc` FROM `sxo_goods_category` WHERE  `is_enable` = 1  AND `pid` IN (932,933)  AND `is_enable` = 1 ORDER BY `sort` ASC [ RunTime:0.000371s ]
[2022-10-16T23:07:26+08:00][sql] SELECT `id`,`pid`,`icon`,`name`,`vice_name`,`describe`,`bg_color`,`big_images`,`sort`,`is_home_recommended`,`seo_title`,`seo_keywords`,`seo_desc` FROM `sxo_goods_category` WHERE  `is_enable` = 1  AND `pid` = 925  AND `is_enable` = 1 ORDER BY `sort` ASC [ RunTime:0.000311s ]
[2022-10-16T23:07:26+08:00][sql] SELECT `id`,`pid`,`icon`,`name`,`vice_name`,`describe`,`bg_color`,`big_images`,`sort`,`is_home_recommended`,`seo_title`,`seo_keywords`,`seo_desc` FROM `sxo_goods_category` WHERE  `is_enable` = 1  AND `pid` IN (934,935)  AND `is_enable` = 1 ORDER BY `sort` ASC [ RunTime:0.000367s ]
[2022-10-16T23:07:26+08:00][sql] SHOW FULL COLUMNS FROM `sxo_slide` [ RunTime:0.001434s ]
[2022-10-16T23:07:26+08:00][sql] SELECT `name`,`images_url`,`event_value`,`event_type`,`bg_color` FROM `sxo_slide` WHERE  `platform` = 'pc'  AND `is_enable` = 1 ORDER BY `sort` ASC,`id` ASC [ RunTime:0.000668s ]
[2022-10-16T23:07:26+08:00][sql] SHOW FULL COLUMNS FROM `sxo_app_home_nav` [ RunTime:0.001376s ]
[2022-10-16T23:07:26+08:00][sql] SELECT `id`,`name`,`images_url`,`event_value`,`event_type`,`bg_color`,`is_need_login` FROM `sxo_app_home_nav` WHERE  `platform` = 'pc'  AND `is_enable` = 1 ORDER BY `sort` ASC,`id` ASC [ RunTime:0.000665s ]
[2022-10-16T23:07:26+08:00][sql] SHOW FULL COLUMNS FROM `sxo_article` [ RunTime:0.001277s ]
[2022-10-16T23:07:26+08:00][sql] SELECT `id`,`title`,`title_color`,`article_category_id` FROM `sxo_article` WHERE  `is_enable` = 1  AND `is_home_recommended` = 1 ORDER BY `id` DESC LIMIT 0,9 [ RunTime:0.000488s ]
[2022-10-16T23:07:26+08:00][sql] SHOW FULL COLUMNS FROM `sxo_article_category` [ RunTime:0.001040s ]
[2022-10-16T23:07:26+08:00][sql] SELECT `name`,`id` FROM `sxo_article_category` WHERE  `id` IN (24,26,27,25) [ RunTime:0.000328s ]
[2022-10-16T23:07:26+08:00][sql] SELECT `id`,`pid`,`icon`,`name`,`vice_name`,`describe`,`bg_color`,`big_images`,`sort`,`is_home_recommended`,`seo_title`,`seo_keywords`,`seo_desc` FROM `sxo_goods_category` WHERE  `pid` = 0  AND `is_home_recommended` = 1  AND `is_enable` = 1  AND `is_enable` = 1 ORDER BY `sort` ASC [ RunTime:0.000395s ]
[2022-10-16T23:07:26+08:00][sql] SELECT `id` FROM `sxo_goods_category` WHERE  `pid` = 922  AND `is_enable` = 1 [ RunTime:0.000264s ]
[2022-10-16T23:07:26+08:00][sql] SELECT `id` FROM `sxo_goods_category` WHERE  `pid` IN (926,928)  AND `is_enable` = 1 [ RunTime:0.000264s ]
[2022-10-16T23:07:26+08:00][sql] SHOW FULL COLUMNS FROM `sxo_goods` [ RunTime:0.001763s ]
[2022-10-16T23:07:26+08:00][sql] SELECT `g`.`id` FROM `sxo_goods` `g` INNER JOIN `sxo_goods_category_join` `gci` ON `g`.`id`=`gci`.`goods_id` WHERE  `gci`.`category_id` IN ('922','926','928')  AND `g`.`is_shelves` = '1'  AND `g`.`is_delete_time` = '0' GROUP BY `g`.`id` ORDER BY `g`.`id` DESC LIMIT 0,8 [ RunTime:0.000746s ]
[2022-10-16T23:07:26+08:00][sql] SELECT `id` FROM `sxo_goods_category` WHERE  `pid` = 923  AND `is_enable` = 1 [ RunTime:0.000263s ]
[2022-10-16T23:07:26+08:00][sql] SELECT `id` FROM `sxo_goods_category` WHERE  `pid` IN (929,930,931)  AND `is_enable` = 1 [ RunTime:0.000323s ]
[2022-10-16T23:07:26+08:00][sql] SELECT `g`.`id` FROM `sxo_goods` `g` INNER JOIN `sxo_goods_category_join` `gci` ON `g`.`id`=`gci`.`goods_id` WHERE  `gci`.`category_id` IN ('923','929','930','931')  AND `g`.`is_shelves` = '1'  AND `g`.`is_delete_time` = '0' GROUP BY `g`.`id` ORDER BY `g`.`id` DESC LIMIT 0,8 [ RunTime:0.000587s ]
[2022-10-16T23:07:26+08:00][sql] SELECT `id` FROM `sxo_goods_category` WHERE  `pid` = 924  AND `is_enable` = 1 [ RunTime:0.000254s ]
[2022-10-16T23:07:26+08:00][sql] SELECT `id` FROM `sxo_goods_category` WHERE  `pid` IN (932,933)  AND `is_enable` = 1 [ RunTime:0.000333s ]
[2022-10-16T23:07:26+08:00][sql] SELECT `g`.`id` FROM `sxo_goods` `g` INNER JOIN `sxo_goods_category_join` `gci` ON `g`.`id`=`gci`.`goods_id` WHERE  `gci`.`category_id` IN ('924','932','933')  AND `g`.`is_shelves` = '1'  AND `g`.`is_delete_time` = '0' GROUP BY `g`.`id` ORDER BY `g`.`id` DESC LIMIT 0,8 [ RunTime:0.000531s ]
[2022-10-16T23:07:26+08:00][sql] SELECT `id` FROM `sxo_goods_category` WHERE  `pid` = 925  AND `is_enable` = 1 [ RunTime:0.000292s ]
[2022-10-16T23:07:26+08:00][sql] SELECT `id` FROM `sxo_goods_category` WHERE  `pid` IN (934,935)  AND `is_enable` = 1 [ RunTime:0.000254s ]
[2022-10-16T23:07:26+08:00][sql] SELECT `g`.`id` FROM `sxo_goods` `g` INNER JOIN `sxo_goods_category_join` `gci` ON `g`.`id`=`gci`.`goods_id` WHERE  `gci`.`category_id` IN ('925','934','935')  AND `g`.`is_shelves` = '1'  AND `g`.`is_delete_time` = '0' GROUP BY `g`.`id` ORDER BY `g`.`id` DESC LIMIT 0,8 [ RunTime:0.000515s ]
[2022-10-16T23:07:26+08:00][sql] SELECT * FROM `sxo_goods` WHERE  `id` IN (65,64,63,62,61,60,59,58,106,105,104,103,102,101,100,99,122,121,120,119,118,117,114,113,128,127,126,125,124,123)  AND `is_shelves` = 1 ORDER BY `id` DESC [ RunTime:0.001045s ]
